[24-May-2021 11:45:13 UTC] PHP Notice:  Undefined index: billing_postcode in /home/mariscossy/www/wp-content/plugins/seur/core/woocommerce/includes/class-seur_local_shipping_method.php on line 287
[24-May-2021 11:45:13 UTC] PHP Notice:  Undefined index: billing_country in /home/mariscossy/www/wp-content/plugins/seur/core/woocommerce/includes/class-seur_local_shipping_method.php on line 293
[24-May-2021 11:45:13 UTC] PHP Notice:  Undefined index: billing_city in /home/mariscossy/www/wp-content/plugins/seur/core/woocommerce/includes/class-seur_local_shipping_method.php on line 299
[24-May-2021 11:54:18 UTC] PHP Notice:  Undefined index: billing_postcode in /home/mariscossy/www/wp-content/plugins/seur/core/woocommerce/includes/class-seur_local_shipping_method.php on line 287
[24-May-2021 11:54:18 UTC] PHP Notice:  Undefined index: billing_country in /home/mariscossy/www/wp-content/plugins/seur/core/woocommerce/includes/class-seur_local_shipping_method.php on line 293
[24-May-2021 11:54:18 UTC] PHP Notice:  Undefined index: billing_city in /home/mariscossy/www/wp-content/plugins/seur/core/woocommerce/includes/class-seur_local_shipping_method.php on line 299
[24-May-2021 14:06:39 UTC] Error checking in buffer: The buffer you checked in was not checked out
[24-May-2021 16:39:58 UTC] PHP Notice:  Undefined index: seur_pickup in /home/mariscossy/www/wp-content/plugins/seur/core/woocommerce/includes/class-seur_local_shipping_method.php on line 446
[24-May-2021 16:39:58 UTC] PHP Notice:  Undefined index: billing_mobile_phone in /home/mariscossy/www/wp-content/plugins/seur/core/woocommerce/includes/class-seur_local_shipping_method.php on line 447
[24-May-2021 16:40:03 UTC] PHP Notice:  Undefined index: billing_postcode in /home/mariscossy/www/wp-content/plugins/seur/core/woocommerce/includes/class-seur_local_shipping_method.php on line 287
[24-May-2021 16:40:03 UTC] PHP Notice:  Undefined index: billing_country in /home/mariscossy/www/wp-content/plugins/seur/core/woocommerce/includes/class-seur_local_shipping_method.php on line 293
[24-May-2021 16:40:03 UTC] PHP Notice:  Undefined index: billing_city in /home/mariscossy/www/wp-content/plugins/seur/core/woocommerce/includes/class-seur_local_shipping_method.php on line 299
[24-May-2021 16:40:17 UTC] PHP Notice:  Undefined index: seur_pickup in /home/mariscossy/www/wp-content/plugins/seur/core/woocommerce/includes/class-seur_local_shipping_method.php on line 446
[24-May-2021 16:40:17 UTC] PHP Notice:  Undefined index: billing_mobile_phone in /home/mariscossy/www/wp-content/plugins/seur/core/woocommerce/includes/class-seur_local_shipping_method.php on line 447
[24-May-2021 16:40:22 UTC] PHP Notice:  Undefined index: billing_postcode in /home/mariscossy/www/wp-content/plugins/seur/core/woocommerce/includes/class-seur_local_shipping_method.php on line 287
[24-May-2021 16:40:22 UTC] PHP Notice:  Undefined index: billing_country in /home/mariscossy/www/wp-content/plugins/seur/core/woocommerce/includes/class-seur_local_shipping_method.php on line 293
[24-May-2021 16:40:22 UTC] PHP Notice:  Undefined index: billing_city in /home/mariscossy/www/wp-content/plugins/seur/core/woocommerce/includes/class-seur_local_shipping_method.php on line 299
[24-May-2021 16:40:29 UTC] PHP Notice:  Undefined index: seur_pickup in /home/mariscossy/www/wp-content/plugins/seur/core/woocommerce/includes/class-seur_local_shipping_method.php on line 446
[24-May-2021 16:40:29 UTC] PHP Notice:  Undefined index: billing_mobile_phone in /home/mariscossy/www/wp-content/plugins/seur/core/woocommerce/includes/class-seur_local_shipping_method.php on line 447
[24-May-2021 16:40:37 UTC] PHP Notice:  Undefined variable: shipAddressUsage in /home/mariscossy/www/wp-content/plugins/woocommerce-gateway-redsys/classes/class-wc-gateway-redsys-psd2.php on line 582
[24-May-2021 16:40:37 UTC] PHP Notice:  Undefined variable: shipAddressUsageInd in /home/mariscossy/www/wp-content/plugins/woocommerce-gateway-redsys/classes/class-wc-gateway-redsys-psd2.php on line 583
[24-May-2021 16:40:37 UTC] PHP Notice:  Undefined variable: shipAddressUsage in /home/mariscossy/www/wp-content/plugins/woocommerce-gateway-redsys/classes/class-wc-gateway-redsys-psd2.php on line 582
[24-May-2021 16:40:37 UTC] PHP Notice:  Undefined variable: shipAddressUsageInd in /home/mariscossy/www/wp-content/plugins/woocommerce-gateway-redsys/classes/class-wc-gateway-redsys-psd2.php on line 583
[24-May-2021 16:40:44 UTC] PHP Notice:  Undefined index: billing_postcode in /home/mariscossy/www/wp-content/plugins/seur/core/woocommerce/includes/class-seur_local_shipping_method.php on line 287
[24-May-2021 16:40:44 UTC] PHP Notice:  Undefined index: billing_country in /home/mariscossy/www/wp-content/plugins/seur/core/woocommerce/includes/class-seur_local_shipping_method.php on line 293
[24-May-2021 16:40:44 UTC] PHP Notice:  Undefined index: billing_city in /home/mariscossy/www/wp-content/plugins/seur/core/woocommerce/includes/class-seur_local_shipping_method.php on line 299
[24-May-2021 16:40:53 UTC] PHP Notice:  Undefined index: billing_postcode in /home/mariscossy/www/wp-content/plugins/seur/core/woocommerce/includes/class-seur_local_shipping_method.php on line 287
[24-May-2021 16:40:53 UTC] PHP Notice:  Undefined index: billing_country in /home/mariscossy/www/wp-content/plugins/seur/core/woocommerce/includes/class-seur_local_shipping_method.php on line 293
[24-May-2021 16:40:53 UTC] PHP Notice:  Undefined index: billing_city in /home/mariscossy/www/wp-content/plugins/seur/core/woocommerce/includes/class-seur_local_shipping_method.php on line 299
[24-May-2021 16:40:56 UTC] PHP Notice:  Undefined index: billing_postcode in /home/mariscossy/www/wp-content/plugins/seur/core/woocommerce/includes/class-seur_local_shipping_method.php on line 287
[24-May-2021 16:40:56 UTC] PHP Notice:  Undefined index: billing_country in /home/mariscossy/www/wp-content/plugins/seur/core/woocommerce/includes/class-seur_local_shipping_method.php on line 293
[24-May-2021 16:40:56 UTC] PHP Notice:  Undefined index: billing_city in /home/mariscossy/www/wp-content/plugins/seur/core/woocommerce/includes/class-seur_local_shipping_method.php on line 299
[24-May-2021 16:41:03 UTC] PHP Notice:  Undefined index: billing_postcode in /home/mariscossy/www/wp-content/plugins/seur/core/woocommerce/includes/class-seur_local_shipping_method.php on line 287
[24-May-2021 16:41:03 UTC] PHP Notice:  Undefined index: billing_country in /home/mariscossy/www/wp-content/plugins/seur/core/woocommerce/includes/class-seur_local_shipping_method.php on line 293
[24-May-2021 16:41:03 UTC] PHP Notice:  Undefined index: billing_city in /home/mariscossy/www/wp-content/plugins/seur/core/woocommerce/includes/class-seur_local_shipping_method.php on line 299
[24-May-2021 16:41:20 UTC] PHP Notice:  Undefined index: billing_postcode in /home/mariscossy/www/wp-content/plugins/seur/core/woocommerce/includes/class-seur_local_shipping_method.php on line 287
[24-May-2021 16:41:20 UTC] PHP Notice:  Undefined index: billing_country in /home/mariscossy/www/wp-content/plugins/seur/core/woocommerce/includes/class-seur_local_shipping_method.php on line 293
[24-May-2021 16:41:20 UTC] PHP Notice:  Undefined index: billing_city in /home/mariscossy/www/wp-content/plugins/seur/core/woocommerce/includes/class-seur_local_shipping_method.php on line 299
[24-May-2021 16:41:26 UTC] PHP Notice:  Undefined index: billing_postcode in /home/mariscossy/www/wp-content/plugins/seur/core/woocommerce/includes/class-seur_local_shipping_method.php on line 287
[24-May-2021 16:41:26 UTC] PHP Notice:  Undefined index: billing_country in /home/mariscossy/www/wp-content/plugins/seur/core/woocommerce/includes/class-seur_local_shipping_method.php on line 293
[24-May-2021 16:41:26 UTC] PHP Notice:  Undefined index: billing_city in /home/mariscossy/www/wp-content/plugins/seur/core/woocommerce/includes/class-seur_local_shipping_method.php on line 299
[24-May-2021 16:41:38 UTC] PHP Notice:  Undefined index: seur_pickup in /home/mariscossy/www/wp-content/plugins/seur/core/woocommerce/includes/class-seur_local_shipping_method.php on line 446
[24-May-2021 16:41:38 UTC] PHP Notice:  Undefined index: billing_mobile_phone in /home/mariscossy/www/wp-content/plugins/seur/core/woocommerce/includes/class-seur_local_shipping_method.php on line 447
[24-May-2021 16:41:40 UTC] PHP Notice:  Undefined variable: shipAddressUsage in /home/mariscossy/www/wp-content/plugins/woocommerce-gateway-redsys/classes/class-wc-gateway-redsys-psd2.php on line 582
[24-May-2021 16:41:40 UTC] PHP Notice:  Undefined variable: shipAddressUsageInd in /home/mariscossy/www/wp-content/plugins/woocommerce-gateway-redsys/classes/class-wc-gateway-redsys-psd2.php on line 583
[24-May-2021 16:41:40 UTC] PHP Notice:  Undefined variable: shipAddressUsage in /home/mariscossy/www/wp-content/plugins/woocommerce-gateway-redsys/classes/class-wc-gateway-redsys-psd2.php on line 582
[24-May-2021 16:41:40 UTC] PHP Notice:  Undefined variable: shipAddressUsageInd in /home/mariscossy/www/wp-content/plugins/woocommerce-gateway-redsys/classes/class-wc-gateway-redsys-psd2.php on line 583
[24-May-2021 16:43:14 UTC] PHP Notice:  Undefined index: threeDSMethodData in /home/mariscossy/www/wp-content/plugins/woocommerce-gateway-redsys/classes/class-wc-gateway-redsys.php on line 6120
[24-May-2021 16:43:22 UTC] PHP Notice:  Undefined variable: textthabks in /home/mariscossy/www/wp-content/plugins/woocommerce-gateway-redsys/includes/thank-you-receipe.php on line 20
[24-May-2021 18:31:03 UTC] PHP Notice:  Undefined index: seur_pickup in /home/mariscossy/www/wp-content/plugins/seur/core/woocommerce/includes/class-seur_local_shipping_method.php on line 446
[24-May-2021 18:31:03 UTC] PHP Notice:  Undefined index: billing_mobile_phone in /home/mariscossy/www/wp-content/plugins/seur/core/woocommerce/includes/class-seur_local_shipping_method.php on line 447
[24-May-2021 18:31:12 UTC] PHP Notice:  Undefined variable: shipAddressUsage in /home/mariscossy/www/wp-content/plugins/woocommerce-gateway-redsys/classes/class-wc-gateway-redsys-psd2.php on line 582
[24-May-2021 18:31:12 UTC] PHP Notice:  Undefined variable: shipAddressUsageInd in /home/mariscossy/www/wp-content/plugins/woocommerce-gateway-redsys/classes/class-wc-gateway-redsys-psd2.php on line 583
[24-May-2021 18:31:12 UTC] PHP Notice:  Undefined variable: shipAddressUsage in /home/mariscossy/www/wp-content/plugins/woocommerce-gateway-redsys/classes/class-wc-gateway-redsys-psd2.php on line 582
[24-May-2021 18:31:12 UTC] PHP Notice:  Undefined variable: shipAddressUsageInd in /home/mariscossy/www/wp-content/plugins/woocommerce-gateway-redsys/classes/class-wc-gateway-redsys-psd2.php on line 583
[24-May-2021 18:33:00 UTC] PHP Notice:  Undefined index: threeDSMethodData in /home/mariscossy/www/wp-content/plugins/woocommerce-gateway-redsys/classes/class-wc-gateway-redsys.php on line 6120
[24-May-2021 20:21:34 UTC] PHP Warning:  Invalid argument supplied for foreach() in /home/mariscossy/www/wp-content/plugins/seur/core/pages/rates/seur-edit-form.php on line 109
[24-May-2021 20:21:52 UTC] PHP Notice:  Undefined index: billing_postcode in /home/mariscossy/www/wp-content/plugins/seur/core/woocommerce/includes/class-seur_local_shipping_method.php on line 287
[24-May-2021 20:21:52 UTC] PHP Notice:  Undefined index: billing_country in /home/mariscossy/www/wp-content/plugins/seur/core/woocommerce/includes/class-seur_local_shipping_method.php on line 293
[24-May-2021 20:21:52 UTC] PHP Notice:  Undefined index: billing_city in /home/mariscossy/www/wp-content/plugins/seur/core/woocommerce/includes/class-seur_local_shipping_method.php on line 299
[24-May-2021 20:21:55 UTC] PHP Notice:  Undefined index: billing_postcode in /home/mariscossy/www/wp-content/plugins/seur/core/woocommerce/includes/class-seur_local_shipping_method.php on line 287
[24-May-2021 20:21:55 UTC] PHP Notice:  Undefined index: billing_country in /home/mariscossy/www/wp-content/plugins/seur/core/woocommerce/includes/class-seur_local_shipping_method.php on line 293
[24-May-2021 20:21:55 UTC] PHP Notice:  Undefined index: billing_city in /home/mariscossy/www/wp-content/plugins/seur/core/woocommerce/includes/class-seur_local_shipping_method.php on line 299
[24-May-2021 20:22:10 UTC] PHP Notice:  Undefined index: seur_pickup in /home/mariscossy/www/wp-content/plugins/seur/core/woocommerce/includes/class-seur_local_shipping_method.php on line 446
[24-May-2021 20:22:10 UTC] PHP Notice:  Undefined index: billing_mobile_phone in /home/mariscossy/www/wp-content/plugins/seur/core/woocommerce/includes/class-seur_local_shipping_method.php on line 447
[24-May-2021 20:22:14 UTC] PHP Notice:  Undefined index: billing_postcode in /home/mariscossy/www/wp-content/plugins/seur/core/woocommerce/includes/class-seur_local_shipping_method.php on line 287
[24-May-2021 20:22:14 UTC] PHP Notice:  Undefined index: billing_country in /home/mariscossy/www/wp-content/plugins/seur/core/woocommerce/includes/class-seur_local_shipping_method.php on line 293
[24-May-2021 20:22:14 UTC] PHP Notice:  Undefined index: billing_city in /home/mariscossy/www/wp-content/plugins/seur/core/woocommerce/includes/class-seur_local_shipping_method.php on line 299
[24-May-2021 20:22:24 UTC] PHP Notice:  Undefined index: billing_postcode in /home/mariscossy/www/wp-content/plugins/seur/core/woocommerce/includes/class-seur_local_shipping_method.php on line 287
[24-May-2021 20:22:24 UTC] PHP Notice:  Undefined index: billing_country in /home/mariscossy/www/wp-content/plugins/seur/core/woocommerce/includes/class-seur_local_shipping_method.php on line 293
[24-May-2021 20:22:24 UTC] PHP Notice:  Undefined index: billing_city in /home/mariscossy/www/wp-content/plugins/seur/core/woocommerce/includes/class-seur_local_shipping_method.php on line 299
[24-May-2021 20:22:36 UTC] PHP Notice:  Undefined index: billing_postcode in /home/mariscossy/www/wp-content/plugins/seur/core/woocommerce/includes/class-seur_local_shipping_method.php on line 287
[24-May-2021 20:22:36 UTC] PHP Notice:  Undefined index: billing_country in /home/mariscossy/www/wp-content/plugins/seur/core/woocommerce/includes/class-seur_local_shipping_method.php on line 293
[24-May-2021 20:22:36 UTC] PHP Notice:  Undefined index: billing_city in /home/mariscossy/www/wp-content/plugins/seur/core/woocommerce/includes/class-seur_local_shipping_method.php on line 299
[24-May-2021 20:22:42 UTC] PHP Notice:  Undefined index: billing_postcode in /home/mariscossy/www/wp-content/plugins/seur/core/woocommerce/includes/class-seur_local_shipping_method.php on line 287
[24-May-2021 20:22:42 UTC] PHP Notice:  Undefined index: billing_country in /home/mariscossy/www/wp-content/plugins/seur/core/woocommerce/includes/class-seur_local_shipping_method.php on line 293
[24-May-2021 20:22:42 UTC] PHP Notice:  Undefined index: billing_city in /home/mariscossy/www/wp-content/plugins/seur/core/woocommerce/includes/class-seur_local_shipping_method.php on line 299
[24-May-2021 20:23:24 UTC] PHP Warning:  Invalid argument supplied for foreach() in /home/mariscossy/www/wp-content/plugins/seur/core/pages/rates/seur-edit-form.php on line 109
[24-May-2021 20:23:39 UTC] PHP Notice:  Undefined index: billing_postcode in /home/mariscossy/www/wp-content/plugins/seur/core/woocommerce/includes/class-seur_local_shipping_method.php on line 287
[24-May-2021 20:23:39 UTC] PHP Notice:  Undefined index: billing_country in /home/mariscossy/www/wp-content/plugins/seur/core/woocommerce/includes/class-seur_local_shipping_method.php on line 293
[24-May-2021 20:23:39 UTC] PHP Notice:  Undefined index: billing_city in /home/mariscossy/www/wp-content/plugins/seur/core/woocommerce/includes/class-seur_local_shipping_method.php on line 299
[24-May-2021 20:24:01 UTC] PHP Notice:  Undefined index: billing_postcode in /home/mariscossy/www/wp-content/plugins/seur/core/woocommerce/includes/class-seur_local_shipping_method.php on line 287
[24-May-2021 20:24:01 UTC] PHP Notice:  Undefined index: billing_country in /home/mariscossy/www/wp-content/plugins/seur/core/woocommerce/includes/class-seur_local_shipping_method.php on line 293
[24-May-2021 20:24:01 UTC] PHP Notice:  Undefined index: billing_city in /home/mariscossy/www/wp-content/plugins/seur/core/woocommerce/includes/class-seur_local_shipping_method.php on line 299
[25-May-2021 07:31:15 UTC] PHP Notice:  Undefined index: billing_postcode in /home/mariscossy/www/wp-content/plugins/seur/core/woocommerce/includes/class-seur_local_shipping_method.php on line 287
[25-May-2021 07:31:15 UTC] PHP Notice:  Undefined index: billing_country in /home/mariscossy/www/wp-content/plugins/seur/core/woocommerce/includes/class-seur_local_shipping_method.php on line 293
[25-May-2021 07:31:15 UTC] PHP Notice:  Undefined index: billing_city in /home/mariscossy/www/wp-content/plugins/seur/core/woocommerce/includes/class-seur_local_shipping_method.php on line 299
[25-May-2021 07:31:26 UTC] PHP Notice:  Undefined index: billing_postcode in /home/mariscossy/www/wp-content/plugins/seur/core/woocommerce/includes/class-seur_local_shipping_method.php on line 287
[25-May-2021 07:31:26 UTC] PHP Notice:  Undefined index: billing_country in /home/mariscossy/www/wp-content/plugins/seur/core/woocommerce/includes/class-seur_local_shipping_method.php on line 293
[25-May-2021 07:31:26 UTC] PHP Notice:  Undefined index: billing_city in /home/mariscossy/www/wp-content/plugins/seur/core/woocommerce/includes/class-seur_local_shipping_method.php on line 299
[25-May-2021 07:31:51 UTC] PHP Notice:  Undefined index: billing_postcode in /home/mariscossy/www/wp-content/plugins/seur/core/woocommerce/includes/class-seur_local_shipping_method.php on line 287
[25-May-2021 07:31:51 UTC] PHP Notice:  Undefined index: billing_country in /home/mariscossy/www/wp-content/plugins/seur/core/woocommerce/includes/class-seur_local_shipping_method.php on line 293
[25-May-2021 07:31:51 UTC] PHP Notice:  Undefined index: billing_city in /home/mariscossy/www/wp-content/plugins/seur/core/woocommerce/includes/class-seur_local_shipping_method.php on line 299
[25-May-2021 08:14:33 UTC] PHP Notice:  Undefined variable: product_id in /home/mariscossy/www/wp-content/plugins/seur/core/functions/functions.php on line 1187
[25-May-2021 08:14:33 UTC] PHP Notice:  Undefined variable: service in /home/mariscossy/www/wp-content/plugins/seur/core/functions/functions.php on line 1221
[25-May-2021 08:14:33 UTC] PHP Notice:  Undefined variable: product in /home/mariscossy/www/wp-content/plugins/seur/core/functions/functions.php on line 1222
[25-May-2021 08:14:57 UTC] PHP Notice:  Undefined variable: product_id in /home/mariscossy/www/wp-content/plugins/seur/core/functions/functions.php on line 1187
[25-May-2021 08:14:57 UTC] PHP Notice:  Undefined variable: service in /home/mariscossy/www/wp-content/plugins/seur/core/functions/functions.php on line 1221
[25-May-2021 08:14:57 UTC] PHP Notice:  Undefined variable: product in /home/mariscossy/www/wp-content/plugins/seur/core/functions/functions.php on line 1222
[25-May-2021 08:15:04 UTC] PHP Notice:  Undefined variable: product_id in /home/mariscossy/www/wp-content/plugins/seur/core/functions/functions.php on line 1187
[25-May-2021 08:15:04 UTC] PHP Notice:  Undefined variable: service in /home/mariscossy/www/wp-content/plugins/seur/core/functions/functions.php on line 1221
[25-May-2021 08:15:04 UTC] PHP Notice:  Undefined variable: product in /home/mariscossy/www/wp-content/plugins/seur/core/functions/functions.php on line 1222
[25-May-2021 08:15:29 UTC] PHP Notice:  Undefined variable: product_id in /home/mariscossy/www/wp-content/plugins/seur/core/functions/functions.php on line 1187
[25-May-2021 08:15:29 UTC] PHP Notice:  Undefined variable: service in /home/mariscossy/www/wp-content/plugins/seur/core/functions/functions.php on line 1221
[25-May-2021 08:15:29 UTC] PHP Notice:  Undefined variable: product in /home/mariscossy/www/wp-content/plugins/seur/core/functions/functions.php on line 1222
[25-May-2021 08:20:58 UTC] PHP Notice:  Undefined variable: menu in /home/mariscossy/www/wp-content/plugins/seur/core/pages/status/status-check.php on line 144
[25-May-2021 08:20:58 UTC] PHP Notice:  Trying to get property 'count' of non-object in /home/mariscossy/www/wp-content/plugins/seur/core/pages/status/status-check.php on line 144
[25-May-2021 08:20:58 UTC] PHP Notice:  Undefined variable: menu in /home/mariscossy/www/wp-content/plugins/seur/core/pages/status/status-check.php on line 144
[25-May-2021 08:20:58 UTC] PHP Notice:  Trying to get property 'count' of non-object in /home/mariscossy/www/wp-content/plugins/seur/core/pages/status/status-check.php on line 144
[25-May-2021 08:48:57 UTC] PHP Notice:  Undefined variable: menu in /home/mariscossy/www/wp-content/plugins/seur/core/pages/status/status-check.php on line 144
[25-May-2021 08:48:57 UTC] PHP Notice:  Trying to get property 'count' of non-object in /home/mariscossy/www/wp-content/plugins/seur/core/pages/status/status-check.php on line 144
[25-May-2021 08:48:57 UTC] PHP Notice:  Undefined variable: menu in /home/mariscossy/www/wp-content/plugins/seur/core/pages/status/status-check.php on line 144
[25-May-2021 08:48:57 UTC] PHP Notice:  Trying to get property 'count' of non-object in /home/mariscossy/www/wp-content/plugins/seur/core/pages/status/status-check.php on line 144
[25-May-2021 11:15:16 UTC] PHP Notice:  Undefined index: seur_pickup in /home/mariscossy/www/wp-content/plugins/seur/core/woocommerce/includes/class-seur_local_shipping_method.php on line 446
[25-May-2021 11:15:16 UTC] PHP Notice:  Undefined index: billing_mobile_phone in /home/mariscossy/www/wp-content/plugins/seur/core/woocommerce/includes/class-seur_local_shipping_method.php on line 447
[25-May-2021 11:15:20 UTC] PHP Notice:  Undefined index: billing_postcode in /home/mariscossy/www/wp-content/plugins/seur/core/woocommerce/includes/class-seur_local_shipping_method.php on line 287
[25-May-2021 11:15:20 UTC] PHP Notice:  Undefined index: billing_country in /home/mariscossy/www/wp-content/plugins/seur/core/woocommerce/includes/class-seur_local_shipping_method.php on line 293
[25-May-2021 11:15:20 UTC] PHP Notice:  Undefined index: billing_city in /home/mariscossy/www/wp-content/plugins/seur/core/woocommerce/includes/class-seur_local_shipping_method.php on line 299
[25-May-2021 11:15:35 UTC] PHP Notice:  Undefined index: seur_pickup in /home/mariscossy/www/wp-content/plugins/seur/core/woocommerce/includes/class-seur_local_shipping_method.php on line 446
[25-May-2021 11:15:35 UTC] PHP Notice:  Undefined index: billing_mobile_phone in /home/mariscossy/www/wp-content/plugins/seur/core/woocommerce/includes/class-seur_local_shipping_method.php on line 447
[25-May-2021 11:15:40 UTC] PHP Notice:  Undefined index: billing_postcode in /home/mariscossy/www/wp-content/plugins/seur/core/woocommerce/includes/class-seur_local_shipping_method.php on line 287
[25-May-2021 11:15:40 UTC] PHP Notice:  Undefined index: billing_country in /home/mariscossy/www/wp-content/plugins/seur/core/woocommerce/includes/class-seur_local_shipping_method.php on line 293
[25-May-2021 11:15:40 UTC] PHP Notice:  Undefined index: billing_city in /home/mariscossy/www/wp-content/plugins/seur/core/woocommerce/includes/class-seur_local_shipping_method.php on line 299
[25-May-2021 11:15:49 UTC] PHP Notice:  Undefined index: seur_pickup in /home/mariscossy/www/wp-content/plugins/seur/core/woocommerce/includes/class-seur_local_shipping_method.php on line 446
[25-May-2021 11:15:49 UTC] PHP Notice:  Undefined index: billing_mobile_phone in /home/mariscossy/www/wp-content/plugins/seur/core/woocommerce/includes/class-seur_local_shipping_method.php on line 447
[25-May-2021 11:15:54 UTC] PHP Notice:  Undefined index: billing_postcode in /home/mariscossy/www/wp-content/plugins/seur/core/woocommerce/includes/class-seur_local_shipping_method.php on line 287
[25-May-2021 11:15:54 UTC] PHP Notice:  Undefined index: billing_country in /home/mariscossy/www/wp-content/plugins/seur/core/woocommerce/includes/class-seur_local_shipping_method.php on line 293
[25-May-2021 11:15:54 UTC] PHP Notice:  Undefined index: billing_city in /home/mariscossy/www/wp-content/plugins/seur/core/woocommerce/includes/class-seur_local_shipping_method.php on line 299
[25-May-2021 11:16:17 UTC] PHP Notice:  Undefined index: seur_pickup in /home/mariscossy/www/wp-content/plugins/seur/core/woocommerce/includes/class-seur_local_shipping_method.php on line 446
[25-May-2021 11:16:17 UTC] PHP Notice:  Undefined index: billing_mobile_phone in /home/mariscossy/www/wp-content/plugins/seur/core/woocommerce/includes/class-seur_local_shipping_method.php on line 447
[25-May-2021 11:16:26 UTC] PHP Notice:  Undefined variable: payment_option in /home/mariscossy/www/wp-content/plugins/woocommerce-gateway-redsys/classes/class-wc-gateway-bizum-redsys.php on line 527
[25-May-2021 11:18:01 UTC] PHP Notice:  Undefined property: WC_Gateway_Bizum_Redsys::$orderdo in /home/mariscossy/www/wp-content/plugins/woocommerce-gateway-redsys/classes/class-wc-gateway-bizum-redsys.php on line 1046
[25-May-2021 13:11:08 UTC] PHP Notice:  Undefined index: billing_postcode in /home/mariscossy/www/wp-content/plugins/seur/core/woocommerce/includes/class-seur_local_shipping_method.php on line 287
[25-May-2021 13:11:08 UTC] PHP Notice:  Undefined index: billing_country in /home/mariscossy/www/wp-content/plugins/seur/core/woocommerce/includes/class-seur_local_shipping_method.php on line 293
[25-May-2021 13:11:08 UTC] PHP Notice:  Undefined index: billing_city in /home/mariscossy/www/wp-content/plugins/seur/core/woocommerce/includes/class-seur_local_shipping_method.php on line 299
[25-May-2021 13:11:15 UTC] PHP Notice:  Undefined index: billing_postcode in /home/mariscossy/www/wp-content/plugins/seur/core/woocommerce/includes/class-seur_local_shipping_method.php on line 287
[25-May-2021 13:11:15 UTC] PHP Notice:  Undefined index: billing_country in /home/mariscossy/www/wp-content/plugins/seur/core/woocommerce/includes/class-seur_local_shipping_method.php on line 293
[25-May-2021 13:11:15 UTC] PHP Notice:  Undefined index: billing_city in /home/mariscossy/www/wp-content/plugins/seur/core/woocommerce/includes/class-seur_local_shipping_method.php on line 299
[25-May-2021 13:11:18 UTC] PHP Notice:  Undefined index: billing_postcode in /home/mariscossy/www/wp-content/plugins/seur/core/woocommerce/includes/class-seur_local_shipping_method.php on line 287
[25-May-2021 13:11:18 UTC] PHP Notice:  Undefined index: billing_country in /home/mariscossy/www/wp-content/plugins/seur/core/woocommerce/includes/class-seur_local_shipping_method.php on line 293
[25-May-2021 13:11:18 UTC] PHP Notice:  Undefined index: billing_city in /home/mariscossy/www/wp-content/plugins/seur/core/woocommerce/includes/class-seur_local_shipping_method.php on line 299
[25-May-2021 13:11:21 UTC] PHP Notice:  Undefined index: billing_postcode in /home/mariscossy/www/wp-content/plugins/seur/core/woocommerce/includes/class-seur_local_shipping_method.php on line 287
[25-May-2021 13:11:21 UTC] PHP Notice:  Undefined index: billing_country in /home/mariscossy/www/wp-content/plugins/seur/core/woocommerce/includes/class-seur_local_shipping_method.php on line 293
[25-May-2021 13:11:21 UTC] PHP Notice:  Undefined index: billing_city in /home/mariscossy/www/wp-content/plugins/seur/core/woocommerce/includes/class-seur_local_shipping_method.php on line 299
[25-May-2021 13:11:30 UTC] PHP Notice:  Undefined index: billing_postcode in /home/mariscossy/www/wp-content/plugins/seur/core/woocommerce/includes/class-seur_local_shipping_method.php on line 287
[25-May-2021 13:11:30 UTC] PHP Notice:  Undefined index: billing_country in /home/mariscossy/www/wp-content/plugins/seur/core/woocommerce/includes/class-seur_local_shipping_method.php on line 293
[25-May-2021 13:11:30 UTC] PHP Notice:  Undefined index: billing_city in /home/mariscossy/www/wp-content/plugins/seur/core/woocommerce/includes/class-seur_local_shipping_method.php on line 299
[25-May-2021 13:13:22 UTC] PHP Notice:  Undefined index: billing_postcode in /home/mariscossy/www/wp-content/plugins/seur/core/woocommerce/includes/class-seur_local_shipping_method.php on line 287
[25-May-2021 13:13:22 UTC] PHP Notice:  Undefined index: billing_country in /home/mariscossy/www/wp-content/plugins/seur/core/woocommerce/includes/class-seur_local_shipping_method.php on line 293
[25-May-2021 13:13:22 UTC] PHP Notice:  Undefined index: billing_city in /home/mariscossy/www/wp-content/plugins/seur/core/woocommerce/includes/class-seur_local_shipping_method.php on line 299
[25-May-2021 13:13:42 UTC] PHP Notice:  Undefined index: billing_postcode in /home/mariscossy/www/wp-content/plugins/seur/core/woocommerce/includes/class-seur_local_shipping_method.php on line 287
[25-May-2021 13:13:42 UTC] PHP Notice:  Undefined index: billing_country in /home/mariscossy/www/wp-content/plugins/seur/core/woocommerce/includes/class-seur_local_shipping_method.php on line 293
[25-May-2021 13:13:42 UTC] PHP Notice:  Undefined index: billing_city in /home/mariscossy/www/wp-content/plugins/seur/core/woocommerce/includes/class-seur_local_shipping_method.php on line 299
[25-May-2021 13:14:02 UTC] PHP Notice:  Undefined index: billing_postcode in /home/mariscossy/www/wp-content/plugins/seur/core/woocommerce/includes/class-seur_local_shipping_method.php on line 287
[25-May-2021 13:14:02 UTC] PHP Notice:  Undefined index: billing_country in /home/mariscossy/www/wp-content/plugins/seur/core/woocommerce/includes/class-seur_local_shipping_method.php on line 293
[25-May-2021 13:14:02 UTC] PHP Notice:  Undefined index: billing_city in /home/mariscossy/www/wp-content/plugins/seur/core/woocommerce/includes/class-seur_local_shipping_method.php on line 299
[25-May-2021 13:24:31 UTC] PHP Notice:  Undefined index: billing_postcode in /home/mariscossy/www/wp-content/plugins/seur/core/woocommerce/includes/class-seur_local_shipping_method.php on line 287
[25-May-2021 13:24:31 UTC] PHP Notice:  Undefined index: billing_country in /home/mariscossy/www/wp-content/plugins/seur/core/woocommerce/includes/class-seur_local_shipping_method.php on line 293
[25-May-2021 13:24:31 UTC] PHP Notice:  Undefined index: billing_city in /home/mariscossy/www/wp-content/plugins/seur/core/woocommerce/includes/class-seur_local_shipping_method.php on line 299
[25-May-2021 13:24:36 UTC] PHP Notice:  Undefined index: billing_postcode in /home/mariscossy/www/wp-content/plugins/seur/core/woocommerce/includes/class-seur_local_shipping_method.php on line 287
[25-May-2021 13:24:36 UTC] PHP Notice:  Undefined index: billing_country in /home/mariscossy/www/wp-content/plugins/seur/core/woocommerce/includes/class-seur_local_shipping_method.php on line 293
[25-May-2021 13:24:36 UTC] PHP Notice:  Undefined index: billing_city in /home/mariscossy/www/wp-content/plugins/seur/core/woocommerce/includes/class-seur_local_shipping_method.php on line 299
[25-May-2021 13:24:48 UTC] PHP Notice:  Undefined index: billing_postcode in /home/mariscossy/www/wp-content/plugins/seur/core/woocommerce/includes/class-seur_local_shipping_method.php on line 287
[25-May-2021 13:24:48 UTC] PHP Notice:  Undefined index: billing_country in /home/mariscossy/www/wp-content/plugins/seur/core/woocommerce/includes/class-seur_local_shipping_method.php on line 293
[25-May-2021 13:24:48 UTC] PHP Notice:  Undefined index: billing_city in /home/mariscossy/www/wp-content/plugins/seur/core/woocommerce/includes/class-seur_local_shipping_method.php on line 299
[25-May-2021 14:05:18 UTC] PHP Notice:  Undefined index: billing_postcode in /home/mariscossy/www/wp-content/plugins/seur/core/woocommerce/includes/class-seur_local_shipping_method.php on line 287
[25-May-2021 14:05:18 UTC] PHP Notice:  Undefined index: billing_country in /home/mariscossy/www/wp-content/plugins/seur/core/woocommerce/includes/class-seur_local_shipping_method.php on line 293
[25-May-2021 14:05:18 UTC] PHP Notice:  Undefined index: billing_city in /home/mariscossy/www/wp-content/plugins/seur/core/woocommerce/includes/class-seur_local_shipping_method.php on line 299
[25-May-2021 14:05:29 UTC] PHP Notice:  Undefined index: billing_postcode in /home/mariscossy/www/wp-content/plugins/seur/core/woocommerce/includes/class-seur_local_shipping_method.php on line 287
[25-May-2021 14:05:29 UTC] PHP Notice:  Undefined index: billing_country in /home/mariscossy/www/wp-content/plugins/seur/core/woocommerce/includes/class-seur_local_shipping_method.php on line 293
[25-May-2021 14:05:29 UTC] PHP Notice:  Undefined index: billing_city in /home/mariscossy/www/wp-content/plugins/seur/core/woocommerce/includes/class-seur_local_shipping_method.php on line 299
[25-May-2021 14:05:32 UTC] PHP Notice:  Undefined index: billing_postcode in /home/mariscossy/www/wp-content/plugins/seur/core/woocommerce/includes/class-seur_local_shipping_method.php on line 287
[25-May-2021 14:05:32 UTC] PHP Notice:  Undefined index: billing_country in /home/mariscossy/www/wp-content/plugins/seur/core/woocommerce/includes/class-seur_local_shipping_method.php on line 293
[25-May-2021 14:05:32 UTC] PHP Notice:  Undefined index: billing_city in /home/mariscossy/www/wp-content/plugins/seur/core/woocommerce/includes/class-seur_local_shipping_method.php on line 299
[25-May-2021 14:05:34 UTC] PHP Notice:  Undefined index: billing_postcode in /home/mariscossy/www/wp-content/plugins/seur/core/woocommerce/includes/class-seur_local_shipping_method.php on line 287
[25-May-2021 14:05:34 UTC] PHP Notice:  Undefined index: billing_country in /home/mariscossy/www/wp-content/plugins/seur/core/woocommerce/includes/class-seur_local_shipping_method.php on line 293
[25-May-2021 14:05:34 UTC] PHP Notice:  Undefined index: billing_city in /home/mariscossy/www/wp-content/plugins/seur/core/woocommerce/includes/class-seur_local_shipping_method.php on line 299
[25-May-2021 14:05:36 UTC] PHP Notice:  Undefined index: billing_postcode in /home/mariscossy/www/wp-content/plugins/seur/core/woocommerce/includes/class-seur_local_shipping_method.php on line 287
[25-May-2021 14:05:36 UTC] PHP Notice:  Undefined index: billing_country in /home/mariscossy/www/wp-content/plugins/seur/core/woocommerce/includes/class-seur_local_shipping_method.php on line 293
[25-May-2021 14:05:36 UTC] PHP Notice:  Undefined index: billing_city in /home/mariscossy/www/wp-content/plugins/seur/core/woocommerce/includes/class-seur_local_shipping_method.php on line 299
[25-May-2021 14:05:46 UTC] PHP Notice:  Undefined index: billing_postcode in /home/mariscossy/www/wp-content/plugins/seur/core/woocommerce/includes/class-seur_local_shipping_method.php on line 287
[25-May-2021 14:05:46 UTC] PHP Notice:  Undefined index: billing_country in /home/mariscossy/www/wp-content/plugins/seur/core/woocommerce/includes/class-seur_local_shipping_method.php on line 293
[25-May-2021 14:05:46 UTC] PHP Notice:  Undefined index: billing_city in /home/mariscossy/www/wp-content/plugins/seur/core/woocommerce/includes/class-seur_local_shipping_method.php on line 299
[25-May-2021 14:23:30 UTC] PHP Notice:  Undefined index: seur_pickup in /home/mariscossy/www/wp-content/plugins/seur/core/woocommerce/includes/class-seur_local_shipping_method.php on line 446
[25-May-2021 14:23:30 UTC] PHP Notice:  Undefined index: billing_mobile_phone in /home/mariscossy/www/wp-content/plugins/seur/core/woocommerce/includes/class-seur_local_shipping_method.php on line 447
[25-May-2021 14:23:36 UTC] PHP Notice:  Undefined variable: shipAddressUsage in /home/mariscossy/www/wp-content/plugins/woocommerce-gateway-redsys/classes/class-wc-gateway-redsys-psd2.php on line 582
[25-May-2021 14:23:37 UTC] PHP Notice:  Undefined variable: shipAddressUsageInd in /home/mariscossy/www/wp-content/plugins/woocommerce-gateway-redsys/classes/class-wc-gateway-redsys-psd2.php on line 583
[25-May-2021 14:23:37 UTC] PHP Notice:  Undefined variable: shipAddressUsage in /home/mariscossy/www/wp-content/plugins/woocommerce-gateway-redsys/classes/class-wc-gateway-redsys-psd2.php on line 582
[25-May-2021 14:23:37 UTC] PHP Notice:  Undefined variable: shipAddressUsageInd in /home/mariscossy/www/wp-content/plugins/woocommerce-gateway-redsys/classes/class-wc-gateway-redsys-psd2.php on line 583
[25-May-2021 14:25:30 UTC] PHP Notice:  Undefined index: threeDSMethodData in /home/mariscossy/www/wp-content/plugins/woocommerce-gateway-redsys/classes/class-wc-gateway-redsys.php on line 6120
[25-May-2021 14:27:51 UTC] PHP Notice:  Undefined index: billing_postcode in /home/mariscossy/www/wp-content/plugins/seur/core/woocommerce/includes/class-seur_local_shipping_method.php on line 287
[25-May-2021 14:27:51 UTC] PHP Notice:  Undefined index: billing_country in /home/mariscossy/www/wp-content/plugins/seur/core/woocommerce/includes/class-seur_local_shipping_method.php on line 293
[25-May-2021 14:27:51 UTC] PHP Notice:  Undefined index: billing_city in /home/mariscossy/www/wp-content/plugins/seur/core/woocommerce/includes/class-seur_local_shipping_method.php on line 299
[25-May-2021 15:18:49 UTC] PHP Notice:  Undefined index: billing_postcode in /home/mariscossy/www/wp-content/plugins/seur/core/woocommerce/includes/class-seur_local_shipping_method.php on line 287
[25-May-2021 15:18:49 UTC] PHP Notice:  Undefined index: billing_country in /home/mariscossy/www/wp-content/plugins/seur/core/woocommerce/includes/class-seur_local_shipping_method.php on line 293
[25-May-2021 15:18:49 UTC] PHP Notice:  Undefined index: billing_city in /home/mariscossy/www/wp-content/plugins/seur/core/woocommerce/includes/class-seur_local_shipping_method.php on line 299
[25-May-2021 16:01:33 UTC] PHP Notice:  Undefined index: billing_postcode in /home/mariscossy/www/wp-content/plugins/seur/core/woocommerce/includes/class-seur_local_shipping_method.php on line 287
[25-May-2021 16:01:33 UTC] PHP Notice:  Undefined index: billing_postcode in /home/mariscossy/www/wp-content/plugins/seur/core/woocommerce/includes/class-seur_local_shipping_method.php on line 287
[25-May-2021 16:01:33 UTC] PHP Notice:  Undefined index: billing_country in /home/mariscossy/www/wp-content/plugins/seur/core/woocommerce/includes/class-seur_local_shipping_method.php on line 293
[25-May-2021 16:01:33 UTC] PHP Notice:  Undefined index: billing_country in /home/mariscossy/www/wp-content/plugins/seur/core/woocommerce/includes/class-seur_local_shipping_method.php on line 293
[25-May-2021 16:01:33 UTC] PHP Notice:  Undefined index: billing_city in /home/mariscossy/www/wp-content/plugins/seur/core/woocommerce/includes/class-seur_local_shipping_method.php on line 299
[25-May-2021 16:01:33 UTC] PHP Notice:  Undefined index: billing_city in /home/mariscossy/www/wp-content/plugins/seur/core/woocommerce/includes/class-seur_local_shipping_method.php on line 299
[25-May-2021 16:02:27 UTC] PHP Notice:  Undefined index: seur_pickup in /home/mariscossy/www/wp-content/plugins/seur/core/woocommerce/includes/class-seur_local_shipping_method.php on line 446
[25-May-2021 16:02:27 UTC] PHP Notice:  Undefined index: billing_mobile_phone in /home/mariscossy/www/wp-content/plugins/seur/core/woocommerce/includes/class-seur_local_shipping_method.php on line 447
[25-May-2021 16:02:34 UTC] PHP Notice:  data ha sido llamada <strong>de forma incorrecta</strong>. Customer properties should not be accessed directly. Backtrace: require('wp-blog-header.php'), wp, WP->main, WP->parse_request, do_action_ref_array('parse_request'), WP_Hook->do_action, WP_Hook->apply_filters, WC_Gateway_Redsys::redsys_handle_requests_pay, WC_Gateway_Redsys::get_redsys_args_p, WC_Gateway_Redsys_PSD2->get_acctinfo, WC_Legacy_Customer->__get, wc_doing_it_wrong Por favor, visita <a href="https://wordpress.org/support/article/debugging-in-wordpress/">Depuración en WordPress</a> para más información. (Este mensaje fue añadido en la versión 3.0). in /home/mariscossy/www/wp-includes/functions.php on line 5313
[25-May-2021 16:02:34 UTC] PHP Notice:  data ha sido llamada <strong>de forma incorrecta</strong>. Customer properties should not be accessed directly. Backtrace: require('wp-blog-header.php'), wp, WP->main, WP->parse_request, do_action_ref_array('parse_request'), WP_Hook->do_action, WP_Hook->apply_filters, WC_Gateway_Redsys::redsys_handle_requests_pay, WC_Gateway_Redsys::get_redsys_args_p, WC_Gateway_Redsys_PSD2->get_acctinfo, WC_Legacy_Customer->__get, wc_doing_it_wrong Por favor, visita <a href="https://wordpress.org/support/article/debugging-in-wordpress/">Depuración en WordPress</a> para más información. (Este mensaje fue añadido en la versión 3.0). in /home/mariscossy/www/wp-includes/functions.php on line 5313
[25-May-2021 16:02:35 UTC] PHP Notice:  data ha sido llamada <strong>de forma incorrecta</strong>. Customer properties should not be accessed directly. Backtrace: require('wp-blog-header.php'), wp, WP->main, WP->parse_request, do_action_ref_array('parse_request'), WP_Hook->do_action, WP_Hook->apply_filters, WC_Gateway_Redsys::redsys_handle_requests_pay, WC_Gateway_Redsys::get_redsys_args_p, WC_Gateway_Redsys_PSD2->get_acctinfo, WC_Legacy_Customer->__get, wc_doing_it_wrong Por favor, visita <a href="https://wordpress.org/support/article/debugging-in-wordpress/">Depuración en WordPress</a> para más información. (Este mensaje fue añadido en la versión 3.0). in /home/mariscossy/www/wp-includes/functions.php on line 5313
[25-May-2021 16:02:35 UTC] PHP Notice:  data ha sido llamada <strong>de forma incorrecta</strong>. Customer properties should not be accessed directly. Backtrace: require('wp-blog-header.php'), wp, WP->main, WP->parse_request, do_action_ref_array('parse_request'), WP_Hook->do_action, WP_Hook->apply_filters, WC_Gateway_Redsys::redsys_handle_requests_pay, WC_Gateway_Redsys::get_redsys_args_p, WC_Gateway_Redsys_PSD2->get_acctinfo, WC_Legacy_Customer->__get, wc_doing_it_wrong Por favor, visita <a href="https://wordpress.org/support/article/debugging-in-wordpress/">Depuración en WordPress</a> para más información. (Este mensaje fue añadido en la versión 3.0). in /home/mariscossy/www/wp-includes/functions.php on line 5313
[25-May-2021 16:06:24 UTC] PHP Notice:  Undefined index: threeDSMethodData in /home/mariscossy/www/wp-content/plugins/woocommerce-gateway-redsys/classes/class-wc-gateway-redsys.php on line 6120
[25-May-2021 16:06:37 UTC] PHP Notice:  Undefined variable: textthabks in /home/mariscossy/www/wp-content/plugins/woocommerce-gateway-redsys/includes/thank-you-receipe.php on line 20
[25-May-2021 16:38:52 UTC] PHP Notice:  Undefined index: seur_pickup in /home/mariscossy/www/wp-content/plugins/seur/core/woocommerce/includes/class-seur_local_shipping_method.php on line 446
[25-May-2021 16:38:52 UTC] PHP Notice:  Undefined index: billing_mobile_phone in /home/mariscossy/www/wp-content/plugins/seur/core/woocommerce/includes/class-seur_local_shipping_method.php on line 447
[25-May-2021 16:49:30 UTC] PHP Notice:  Undefined index: billing_postcode in /home/mariscossy/www/wp-content/plugins/seur/core/woocommerce/includes/class-seur_local_shipping_method.php on line 287
[25-May-2021 16:49:30 UTC] PHP Notice:  Undefined index: billing_country in /home/mariscossy/www/wp-content/plugins/seur/core/woocommerce/includes/class-seur_local_shipping_method.php on line 293
[25-May-2021 16:49:30 UTC] PHP Notice:  Undefined index: billing_city in /home/mariscossy/www/wp-content/plugins/seur/core/woocommerce/includes/class-seur_local_shipping_method.php on line 299
[25-May-2021 16:51:47 UTC] PHP Notice:  Undefined index: billing_postcode in /home/mariscossy/www/wp-content/plugins/seur/core/woocommerce/includes/class-seur_local_shipping_method.php on line 287
[25-May-2021 16:51:47 UTC] PHP Notice:  Undefined index: billing_country in /home/mariscossy/www/wp-content/plugins/seur/core/woocommerce/includes/class-seur_local_shipping_method.php on line 293
[25-May-2021 16:51:47 UTC] PHP Notice:  Undefined index: billing_city in /home/mariscossy/www/wp-content/plugins/seur/core/woocommerce/includes/class-seur_local_shipping_method.php on line 299
[25-May-2021 16:56:35 UTC] PHP Notice:  Undefined index: billing_postcode in /home/mariscossy/www/wp-content/plugins/seur/core/woocommerce/includes/class-seur_local_shipping_method.php on line 287
[25-May-2021 16:56:35 UTC] PHP Notice:  Undefined index: billing_country in /home/mariscossy/www/wp-content/plugins/seur/core/woocommerce/includes/class-seur_local_shipping_method.php on line 293
[25-May-2021 16:56:35 UTC] PHP Notice:  Undefined index: billing_city in /home/mariscossy/www/wp-content/plugins/seur/core/woocommerce/includes/class-seur_local_shipping_method.php on line 299
[25-May-2021 16:57:46 UTC] PHP Notice:  Undefined index: billing_postcode in /home/mariscossy/www/wp-content/plugins/seur/core/woocommerce/includes/class-seur_local_shipping_method.php on line 287
[25-May-2021 16:57:46 UTC] PHP Notice:  Undefined index: billing_country in /home/mariscossy/www/wp-content/plugins/seur/core/woocommerce/includes/class-seur_local_shipping_method.php on line 293
[25-May-2021 16:57:46 UTC] PHP Notice:  Undefined index: billing_city in /home/mariscossy/www/wp-content/plugins/seur/core/woocommerce/includes/class-seur_local_shipping_method.php on line 299
[25-May-2021 17:17:40 UTC] PHP Notice:  Undefined index: seur_pickup in /home/mariscossy/www/wp-content/plugins/seur/core/woocommerce/includes/class-seur_local_shipping_method.php on line 446
[25-May-2021 17:17:40 UTC] PHP Notice:  Undefined index: billing_mobile_phone in /home/mariscossy/www/wp-content/plugins/seur/core/woocommerce/includes/class-seur_local_shipping_method.php on line 447
[25-May-2021 17:17:48 UTC] PHP Notice:  Undefined variable: shipAddressUsage in /home/mariscossy/www/wp-content/plugins/woocommerce-gateway-redsys/classes/class-wc-gateway-redsys-psd2.php on line 582
[25-May-2021 17:17:48 UTC] PHP Notice:  Undefined variable: shipAddressUsageInd in /home/mariscossy/www/wp-content/plugins/woocommerce-gateway-redsys/classes/class-wc-gateway-redsys-psd2.php on line 583
[25-May-2021 17:17:48 UTC] PHP Notice:  Undefined variable: shipAddressUsage in /home/mariscossy/www/wp-content/plugins/woocommerce-gateway-redsys/classes/class-wc-gateway-redsys-psd2.php on line 582
[25-May-2021 17:17:48 UTC] PHP Notice:  Undefined variable: shipAddressUsageInd in /home/mariscossy/www/wp-content/plugins/woocommerce-gateway-redsys/classes/class-wc-gateway-redsys-psd2.php on line 583
[25-May-2021 17:40:55 UTC] PHP Notice:  Undefined index: billing_postcode in /home/mariscossy/www/wp-content/plugins/seur/core/woocommerce/includes/class-seur_local_shipping_method.php on line 287
[25-May-2021 17:40:55 UTC] PHP Notice:  Undefined index: billing_country in /home/mariscossy/www/wp-content/plugins/seur/core/woocommerce/includes/class-seur_local_shipping_method.php on line 293
[25-May-2021 17:40:55 UTC] PHP Notice:  Undefined index: billing_city in /home/mariscossy/www/wp-content/plugins/seur/core/woocommerce/includes/class-seur_local_shipping_method.php on line 299
[25-May-2021 17:41:24 UTC] PHP Notice:  Undefined index: seur_pickup in /home/mariscossy/www/wp-content/plugins/seur/core/woocommerce/includes/class-seur_local_shipping_method.php on line 446
[25-May-2021 17:41:24 UTC] PHP Notice:  Undefined index: billing_mobile_phone in /home/mariscossy/www/wp-content/plugins/seur/core/woocommerce/includes/class-seur_local_shipping_method.php on line 447
[25-May-2021 17:41:27 UTC] PHP Notice:  Undefined variable: shipAddressUsage in /home/mariscossy/www/wp-content/plugins/woocommerce-gateway-redsys/classes/class-wc-gateway-redsys-psd2.php on line 582
[25-May-2021 17:41:27 UTC] PHP Notice:  Undefined variable: shipAddressUsageInd in /home/mariscossy/www/wp-content/plugins/woocommerce-gateway-redsys/classes/class-wc-gateway-redsys-psd2.php on line 583
[25-May-2021 17:41:28 UTC] PHP Notice:  Undefined variable: shipAddressUsage in /home/mariscossy/www/wp-content/plugins/woocommerce-gateway-redsys/classes/class-wc-gateway-redsys-psd2.php on line 582
[25-May-2021 17:41:28 UTC] PHP Notice:  Undefined variable: shipAddressUsageInd in /home/mariscossy/www/wp-content/plugins/woocommerce-gateway-redsys/classes/class-wc-gateway-redsys-psd2.php on line 583
[25-May-2021 17:43:47 UTC] PHP Notice:  Undefined index: seur_pickup in /home/mariscossy/www/wp-content/plugins/seur/core/woocommerce/includes/class-seur_local_shipping_method.php on line 446
[25-May-2021 17:43:47 UTC] PHP Notice:  Undefined index: billing_mobile_phone in /home/mariscossy/www/wp-content/plugins/seur/core/woocommerce/includes/class-seur_local_shipping_method.php on line 447
[25-May-2021 17:43:47 UTC] PHP Notice:  Undefined variable: payment_option in /home/mariscossy/www/wp-content/plugins/woocommerce-gateway-redsys/classes/class-wc-gateway-bizum-redsys.php on line 527
[25-May-2021 17:45:43 UTC] PHP Notice:  Undefined index: billing_postcode in /home/mariscossy/www/wp-content/plugins/seur/core/woocommerce/includes/class-seur_local_shipping_method.php on line 287
[25-May-2021 17:45:43 UTC] PHP Notice:  Undefined index: billing_country in /home/mariscossy/www/wp-content/plugins/seur/core/woocommerce/includes/class-seur_local_shipping_method.php on line 293
[25-May-2021 17:45:43 UTC] PHP Notice:  Undefined index: billing_city in /home/mariscossy/www/wp-content/plugins/seur/core/woocommerce/includes/class-seur_local_shipping_method.php on line 299
[25-May-2021 17:53:44 UTC] PHP Notice:  Undefined index: billing_postcode in /home/mariscossy/www/wp-content/plugins/seur/core/woocommerce/includes/class-seur_local_shipping_method.php on line 287
[25-May-2021 17:53:44 UTC] PHP Notice:  Undefined index: billing_country in /home/mariscossy/www/wp-content/plugins/seur/core/woocommerce/includes/class-seur_local_shipping_method.php on line 293
[25-May-2021 17:53:44 UTC] PHP Notice:  Undefined index: billing_city in /home/mariscossy/www/wp-content/plugins/seur/core/woocommerce/includes/class-seur_local_shipping_method.php on line 299
[25-May-2021 17:54:07 UTC] PHP Notice:  Undefined index: seur_pickup in /home/mariscossy/www/wp-content/plugins/seur/core/woocommerce/includes/class-seur_local_shipping_method.php on line 446
[25-May-2021 17:54:07 UTC] PHP Notice:  Undefined index: billing_mobile_phone in /home/mariscossy/www/wp-content/plugins/seur/core/woocommerce/includes/class-seur_local_shipping_method.php on line 447
[25-May-2021 17:54:11 UTC] PHP Notice:  Undefined variable: shipAddressUsage in /home/mariscossy/www/wp-content/plugins/woocommerce-gateway-redsys/classes/class-wc-gateway-redsys-psd2.php on line 582
[25-May-2021 17:54:11 UTC] PHP Notice:  Undefined variable: shipAddressUsageInd in /home/mariscossy/www/wp-content/plugins/woocommerce-gateway-redsys/classes/class-wc-gateway-redsys-psd2.php on line 583
[25-May-2021 17:54:11 UTC] PHP Notice:  Undefined variable: shipAddressUsage in /home/mariscossy/www/wp-content/plugins/woocommerce-gateway-redsys/classes/class-wc-gateway-redsys-psd2.php on line 582
[25-May-2021 17:54:11 UTC] PHP Notice:  Undefined variable: shipAddressUsageInd in /home/mariscossy/www/wp-content/plugins/woocommerce-gateway-redsys/classes/class-wc-gateway-redsys-psd2.php on line 583
[25-May-2021 18:05:52 UTC] PHP Notice:  Undefined index: billing_postcode in /home/mariscossy/www/wp-content/plugins/seur/core/woocommerce/includes/class-seur_local_shipping_method.php on line 287
[25-May-2021 18:05:52 UTC] PHP Notice:  Undefined index: billing_country in /home/mariscossy/www/wp-content/plugins/seur/core/woocommerce/includes/class-seur_local_shipping_method.php on line 293
[25-May-2021 18:05:52 UTC] PHP Notice:  Undefined index: billing_city in /home/mariscossy/www/wp-content/plugins/seur/core/woocommerce/includes/class-seur_local_shipping_method.php on line 299
[25-May-2021 18:06:09 UTC] PHP Notice:  Undefined index: seur_pickup in /home/mariscossy/www/wp-content/plugins/seur/core/woocommerce/includes/class-seur_local_shipping_method.php on line 446
[25-May-2021 18:06:09 UTC] PHP Notice:  Undefined index: billing_mobile_phone in /home/mariscossy/www/wp-content/plugins/seur/core/woocommerce/includes/class-seur_local_shipping_method.php on line 447
[25-May-2021 18:06:12 UTC] PHP Notice:  Undefined variable: shipAddressUsage in /home/mariscossy/www/wp-content/plugins/woocommerce-gateway-redsys/classes/class-wc-gateway-redsys-psd2.php on line 582
[25-May-2021 18:06:12 UTC] PHP Notice:  Undefined variable: shipAddressUsageInd in /home/mariscossy/www/wp-content/plugins/woocommerce-gateway-redsys/classes/class-wc-gateway-redsys-psd2.php on line 583
[25-May-2021 18:06:13 UTC] PHP Notice:  Undefined variable: shipAddressUsage in /home/mariscossy/www/wp-content/plugins/woocommerce-gateway-redsys/classes/class-wc-gateway-redsys-psd2.php on line 582
[25-May-2021 18:06:13 UTC] PHP Notice:  Undefined variable: shipAddressUsageInd in /home/mariscossy/www/wp-content/plugins/woocommerce-gateway-redsys/classes/class-wc-gateway-redsys-psd2.php on line 583
[25-May-2021 18:49:43 UTC] PHP Notice:  Undefined index: billing_postcode in /home/mariscossy/www/wp-content/plugins/seur/core/woocommerce/includes/class-seur_local_shipping_method.php on line 287
[25-May-2021 18:49:43 UTC] PHP Notice:  Undefined index: billing_country in /home/mariscossy/www/wp-content/plugins/seur/core/woocommerce/includes/class-seur_local_shipping_method.php on line 293
[25-May-2021 18:49:43 UTC] PHP Notice:  Undefined index: billing_city in /home/mariscossy/www/wp-content/plugins/seur/core/woocommerce/includes/class-seur_local_shipping_method.php on line 299
[25-May-2021 18:50:20 UTC] PHP Notice:  Undefined index: billing_postcode in /home/mariscossy/www/wp-content/plugins/seur/core/woocommerce/includes/class-seur_local_shipping_method.php on line 287
[25-May-2021 18:50:20 UTC] PHP Notice:  Undefined index: billing_country in /home/mariscossy/www/wp-content/plugins/seur/core/woocommerce/includes/class-seur_local_shipping_method.php on line 293
[25-May-2021 18:50:20 UTC] PHP Notice:  Undefined index: billing_city in /home/mariscossy/www/wp-content/plugins/seur/core/woocommerce/includes/class-seur_local_shipping_method.php on line 299
[25-May-2021 18:51:04 UTC] PHP Notice:  Undefined index: billing_postcode in /home/mariscossy/www/wp-content/plugins/seur/core/woocommerce/includes/class-seur_local_shipping_method.php on line 287
[25-May-2021 18:51:04 UTC] PHP Notice:  Undefined index: billing_country in /home/mariscossy/www/wp-content/plugins/seur/core/woocommerce/includes/class-seur_local_shipping_method.php on line 293
[25-May-2021 18:51:04 UTC] PHP Notice:  Undefined index: billing_city in /home/mariscossy/www/wp-content/plugins/seur/core/woocommerce/includes/class-seur_local_shipping_method.php on line 299
[25-May-2021 18:53:22 UTC] PHP Notice:  Undefined index: billing_postcode in /home/mariscossy/www/wp-content/plugins/seur/core/woocommerce/includes/class-seur_local_shipping_method.php on line 287
[25-May-2021 18:53:22 UTC] PHP Notice:  Undefined index: billing_country in /home/mariscossy/www/wp-content/plugins/seur/core/woocommerce/includes/class-seur_local_shipping_method.php on line 293
[25-May-2021 18:53:22 UTC] PHP Notice:  Undefined index: billing_city in /home/mariscossy/www/wp-content/plugins/seur/core/woocommerce/includes/class-seur_local_shipping_method.php on line 299
[25-May-2021 18:53:55 UTC] PHP Notice:  Undefined index: billing_postcode in /home/mariscossy/www/wp-content/plugins/seur/core/woocommerce/includes/class-seur_local_shipping_method.php on line 287
[25-May-2021 18:53:55 UTC] PHP Notice:  Undefined index: billing_country in /home/mariscossy/www/wp-content/plugins/seur/core/woocommerce/includes/class-seur_local_shipping_method.php on line 293
[25-May-2021 18:53:55 UTC] PHP Notice:  Undefined index: billing_city in /home/mariscossy/www/wp-content/plugins/seur/core/woocommerce/includes/class-seur_local_shipping_method.php on line 299
[25-May-2021 18:57:26 UTC] PHP Notice:  Undefined index: billing_postcode in /home/mariscossy/www/wp-content/plugins/seur/core/woocommerce/includes/class-seur_local_shipping_method.php on line 287
[25-May-2021 18:57:26 UTC] PHP Notice:  Undefined index: billing_country in /home/mariscossy/www/wp-content/plugins/seur/core/woocommerce/includes/class-seur_local_shipping_method.php on line 293
[25-May-2021 18:57:26 UTC] PHP Notice:  Undefined index: billing_city in /home/mariscossy/www/wp-content/plugins/seur/core/woocommerce/includes/class-seur_local_shipping_method.php on line 299
[25-May-2021 19:00:42 UTC] PHP Notice:  Undefined index: seur_pickup in /home/mariscossy/www/wp-content/plugins/seur/core/woocommerce/includes/class-seur_local_shipping_method.php on line 446
[25-May-2021 19:00:42 UTC] PHP Notice:  Undefined index: billing_mobile_phone in /home/mariscossy/www/wp-content/plugins/seur/core/woocommerce/includes/class-seur_local_shipping_method.php on line 447
[25-May-2021 19:00:49 UTC] PHP Notice:  data ha sido llamada <strong>de forma incorrecta</strong>. Customer properties should not be accessed directly. Backtrace: require('wp-blog-header.php'), wp, WP->main, WP->parse_request, do_action_ref_array('parse_request'), WP_Hook->do_action, WP_Hook->apply_filters, WC_Gateway_Redsys::redsys_handle_requests_pay, WC_Gateway_Redsys::get_redsys_args_p, WC_Gateway_Redsys_PSD2->get_acctinfo, WC_Legacy_Customer->__get, wc_doing_it_wrong Por favor, visita <a href="https://wordpress.org/support/article/debugging-in-wordpress/">Depuración en WordPress</a> para más información. (Este mensaje fue añadido en la versión 3.0). in /home/mariscossy/www/wp-includes/functions.php on line 5313
[25-May-2021 19:00:49 UTC] PHP Notice:  data ha sido llamada <strong>de forma incorrecta</strong>. Customer properties should not be accessed directly. Backtrace: require('wp-blog-header.php'), wp, WP->main, WP->parse_request, do_action_ref_array('parse_request'), WP_Hook->do_action, WP_Hook->apply_filters, WC_Gateway_Redsys::redsys_handle_requests_pay, WC_Gateway_Redsys::get_redsys_args_p, WC_Gateway_Redsys_PSD2->get_acctinfo, WC_Legacy_Customer->__get, wc_doing_it_wrong Por favor, visita <a href="https://wordpress.org/support/article/debugging-in-wordpress/">Depuración en WordPress</a> para más información. (Este mensaje fue añadido en la versión 3.0). in /home/mariscossy/www/wp-includes/functions.php on line 5313
[25-May-2021 19:00:50 UTC] PHP Notice:  data ha sido llamada <strong>de forma incorrecta</strong>. Customer properties should not be accessed directly. Backtrace: require('wp-blog-header.php'), wp, WP->main, WP->parse_request, do_action_ref_array('parse_request'), WP_Hook->do_action, WP_Hook->apply_filters, WC_Gateway_Redsys::redsys_handle_requests_pay, WC_Gateway_Redsys::get_redsys_args_p, WC_Gateway_Redsys_PSD2->get_acctinfo, WC_Legacy_Customer->__get, wc_doing_it_wrong Por favor, visita <a href="https://wordpress.org/support/article/debugging-in-wordpress/">Depuración en WordPress</a> para más información. (Este mensaje fue añadido en la versión 3.0). in /home/mariscossy/www/wp-includes/functions.php on line 5313
[25-May-2021 19:00:50 UTC] PHP Notice:  data ha sido llamada <strong>de forma incorrecta</strong>. Customer properties should not be accessed directly. Backtrace: require('wp-blog-header.php'), wp, WP->main, WP->parse_request, do_action_ref_array('parse_request'), WP_Hook->do_action, WP_Hook->apply_filters, WC_Gateway_Redsys::redsys_handle_requests_pay, WC_Gateway_Redsys::get_redsys_args_p, WC_Gateway_Redsys_PSD2->get_acctinfo, WC_Legacy_Customer->__get, wc_doing_it_wrong Por favor, visita <a href="https://wordpress.org/support/article/debugging-in-wordpress/">Depuración en WordPress</a> para más información. (Este mensaje fue añadido en la versión 3.0). in /home/mariscossy/www/wp-includes/functions.php on line 5313
[25-May-2021 19:04:14 UTC] PHP Notice:  Undefined index: threeDSMethodData in /home/mariscossy/www/wp-content/plugins/woocommerce-gateway-redsys/classes/class-wc-gateway-redsys.php on line 6120
[25-May-2021 19:05:27 UTC] PHP Notice:  Undefined variable: textthabks in /home/mariscossy/www/wp-content/plugins/woocommerce-gateway-redsys/includes/thank-you-receipe.php on line 20
[25-May-2021 20:11:13 UTC] PHP Notice:  Undefined variable: payment_option in /home/mariscossy/www/wp-content/plugins/woocommerce-gateway-redsys/classes/class-wc-gateway-bizum-redsys.php on line 527
[25-May-2021 20:13:35 UTC] PHP Notice:  Undefined index: seur_pickup in /home/mariscossy/www/wp-content/plugins/seur/core/woocommerce/includes/class-seur_local_shipping_method.php on line 446
[25-May-2021 20:13:35 UTC] PHP Notice:  Undefined index: billing_mobile_phone in /home/mariscossy/www/wp-content/plugins/seur/core/woocommerce/includes/class-seur_local_shipping_method.php on line 447
[25-May-2021 20:13:40 UTC] PHP Notice:  Undefined index: billing_postcode in /home/mariscossy/www/wp-content/plugins/seur/core/woocommerce/includes/class-seur_local_shipping_method.php on line 287
[25-May-2021 20:13:40 UTC] PHP Notice:  Undefined index: billing_country in /home/mariscossy/www/wp-content/plugins/seur/core/woocommerce/includes/class-seur_local_shipping_method.php on line 293
[25-May-2021 20:13:40 UTC] PHP Notice:  Undefined index: billing_city in /home/mariscossy/www/wp-content/plugins/seur/core/woocommerce/includes/class-seur_local_shipping_method.php on line 299
[25-May-2021 20:14:17 UTC] PHP Notice:  Undefined index: seur_pickup in /home/mariscossy/www/wp-content/plugins/seur/core/woocommerce/includes/class-seur_local_shipping_method.php on line 446
[25-May-2021 20:14:17 UTC] PHP Notice:  Undefined index: billing_mobile_phone in /home/mariscossy/www/wp-content/plugins/seur/core/woocommerce/includes/class-seur_local_shipping_method.php on line 447
[25-May-2021 20:14:24 UTC] PHP Notice:  Undefined variable: shipAddressUsage in /home/mariscossy/www/wp-content/plugins/woocommerce-gateway-redsys/classes/class-wc-gateway-redsys-psd2.php on line 582
[25-May-2021 20:14:24 UTC] PHP Notice:  Undefined variable: shipAddressUsageInd in /home/mariscossy/www/wp-content/plugins/woocommerce-gateway-redsys/classes/class-wc-gateway-redsys-psd2.php on line 583
[25-May-2021 20:14:25 UTC] PHP Notice:  Undefined variable: shipAddressUsage in /home/mariscossy/www/wp-content/plugins/woocommerce-gateway-redsys/classes/class-wc-gateway-redsys-psd2.php on line 582
[25-May-2021 20:14:25 UTC] PHP Notice:  Undefined variable: shipAddressUsageInd in /home/mariscossy/www/wp-content/plugins/woocommerce-gateway-redsys/classes/class-wc-gateway-redsys-psd2.php on line 583
[25-May-2021 20:26:28 UTC] PHP Notice:  Undefined index: seur_pickup in /home/mariscossy/www/wp-content/plugins/seur/core/woocommerce/includes/class-seur_local_shipping_method.php on line 446
[25-May-2021 20:26:29 UTC] PHP Notice:  Undefined index: billing_mobile_phone in /home/mariscossy/www/wp-content/plugins/seur/core/woocommerce/includes/class-seur_local_shipping_method.php on line 447
[25-May-2021 20:26:33 UTC] PHP Notice:  Undefined index: billing_postcode in /home/mariscossy/www/wp-content/plugins/seur/core/woocommerce/includes/class-seur_local_shipping_method.php on line 287
[25-May-2021 20:26:33 UTC] PHP Notice:  Undefined index: billing_country in /home/mariscossy/www/wp-content/plugins/seur/core/woocommerce/includes/class-seur_local_shipping_method.php on line 293
[25-May-2021 20:26:33 UTC] PHP Notice:  Undefined index: billing_city in /home/mariscossy/www/wp-content/plugins/seur/core/woocommerce/includes/class-seur_local_shipping_method.php on line 299
[25-May-2021 20:26:43 UTC] PHP Notice:  Undefined index: seur_pickup in /home/mariscossy/www/wp-content/plugins/seur/core/woocommerce/includes/class-seur_local_shipping_method.php on line 446
[25-May-2021 20:26:43 UTC] PHP Notice:  Undefined index: billing_mobile_phone in /home/mariscossy/www/wp-content/plugins/seur/core/woocommerce/includes/class-seur_local_shipping_method.php on line 447
[25-May-2021 20:26:50 UTC] PHP Notice:  Undefined variable: shipAddressUsage in /home/mariscossy/www/wp-content/plugins/woocommerce-gateway-redsys/classes/class-wc-gateway-redsys-psd2.php on line 582
[25-May-2021 20:26:50 UTC] PHP Notice:  Undefined variable: shipAddressUsageInd in /home/mariscossy/www/wp-content/plugins/woocommerce-gateway-redsys/classes/class-wc-gateway-redsys-psd2.php on line 583
[25-May-2021 20:26:51 UTC] PHP Notice:  Undefined variable: shipAddressUsage in /home/mariscossy/www/wp-content/plugins/woocommerce-gateway-redsys/classes/class-wc-gateway-redsys-psd2.php on line 582
[25-May-2021 20:26:51 UTC] PHP Notice:  Undefined variable: shipAddressUsageInd in /home/mariscossy/www/wp-content/plugins/woocommerce-gateway-redsys/classes/class-wc-gateway-redsys-psd2.php on line 583
[26-May-2021 06:09:13 UTC] PHP Notice:  Undefined index: seur_pickup in /home/mariscossy/www/wp-content/plugins/seur/core/woocommerce/includes/class-seur_local_shipping_method.php on line 446
[26-May-2021 06:09:13 UTC] PHP Notice:  Undefined index: billing_mobile_phone in /home/mariscossy/www/wp-content/plugins/seur/core/woocommerce/includes/class-seur_local_shipping_method.php on line 447
[26-May-2021 06:09:24 UTC] PHP Notice:  Undefined variable: shipAddressUsage in /home/mariscossy/www/wp-content/plugins/woocommerce-gateway-redsys/classes/class-wc-gateway-redsys-psd2.php on line 582
[26-May-2021 06:09:24 UTC] PHP Notice:  Undefined variable: shipAddressUsageInd in /home/mariscossy/www/wp-content/plugins/woocommerce-gateway-redsys/classes/class-wc-gateway-redsys-psd2.php on line 583
[26-May-2021 06:09:24 UTC] PHP Notice:  Undefined variable: shipAddressUsage in /home/mariscossy/www/wp-content/plugins/woocommerce-gateway-redsys/classes/class-wc-gateway-redsys-psd2.php on line 582
[26-May-2021 06:09:24 UTC] PHP Notice:  Undefined variable: shipAddressUsageInd in /home/mariscossy/www/wp-content/plugins/woocommerce-gateway-redsys/classes/class-wc-gateway-redsys-psd2.php on line 583
[26-May-2021 06:13:26 UTC] PHP Notice:  Undefined index: threeDSMethodData in /home/mariscossy/www/wp-content/plugins/woocommerce-gateway-redsys/classes/class-wc-gateway-redsys.php on line 6120
[26-May-2021 06:13:48 UTC] PHP Notice:  Undefined variable: textthabks in /home/mariscossy/www/wp-content/plugins/woocommerce-gateway-redsys/includes/thank-you-receipe.php on line 20
[26-May-2021 08:11:34 UTC] PHP Notice:  Undefined index: Ds_SignatureVersion in /home/mariscossy/www/wp-content/plugins/woocommerce-gateway-redsys/classes/class-wc-gateway-redsys.php on line 5830
[26-May-2021 08:11:34 UTC] PHP Notice:  Undefined index: Ds_MerchantParameters in /home/mariscossy/www/wp-content/plugins/woocommerce-gateway-redsys/classes/class-wc-gateway-redsys.php on line 5831
[26-May-2021 08:11:34 UTC] PHP Notice:  Undefined index: Ds_Signature in /home/mariscossy/www/wp-content/plugins/woocommerce-gateway-redsys/classes/class-wc-gateway-redsys.php on line 5832
[26-May-2021 08:51:48 UTC] PHP Notice:  Undefined index: Ds_SignatureVersion in /home/mariscossy/www/wp-content/plugins/woocommerce-gateway-redsys/classes/class-wc-gateway-redsys.php on line 5830
[26-May-2021 08:51:48 UTC] PHP Notice:  Undefined index: Ds_MerchantParameters in /home/mariscossy/www/wp-content/plugins/woocommerce-gateway-redsys/classes/class-wc-gateway-redsys.php on line 5831
[26-May-2021 08:51:48 UTC] PHP Notice:  Undefined index: Ds_Signature in /home/mariscossy/www/wp-content/plugins/woocommerce-gateway-redsys/classes/class-wc-gateway-redsys.php on line 5832
[26-May-2021 08:51:48 UTC] PHP Notice:  Undefined index: Ds_SignatureVersion in /home/mariscossy/www/wp-content/plugins/woocommerce-gateway-redsys/classes/class-wc-gateway-redsys.php on line 5830
[26-May-2021 08:51:48 UTC] PHP Notice:  Undefined index: Ds_MerchantParameters in /home/mariscossy/www/wp-content/plugins/woocommerce-gateway-redsys/classes/class-wc-gateway-redsys.php on line 5831
[26-May-2021 08:51:48 UTC] PHP Notice:  Undefined index: Ds_Signature in /home/mariscossy/www/wp-content/plugins/woocommerce-gateway-redsys/classes/class-wc-gateway-redsys.php on line 5832
[26-May-2021 08:52:19 UTC] PHP Notice:  Undefined index: Ds_SignatureVersion in /home/mariscossy/www/wp-content/plugins/woocommerce-gateway-redsys/classes/class-wc-gateway-redsys.php on line 5830
[26-May-2021 08:52:19 UTC] PHP Notice:  Undefined index: Ds_SignatureVersion in /home/mariscossy/www/wp-content/plugins/woocommerce-gateway-redsys/classes/class-wc-gateway-redsys.php on line 5830
[26-May-2021 08:52:19 UTC] PHP Notice:  Undefined index: Ds_MerchantParameters in /home/mariscossy/www/wp-content/plugins/woocommerce-gateway-redsys/classes/class-wc-gateway-redsys.php on line 5831
[26-May-2021 08:52:19 UTC] PHP Notice:  Undefined index: Ds_MerchantParameters in /home/mariscossy/www/wp-content/plugins/woocommerce-gateway-redsys/classes/class-wc-gateway-redsys.php on line 5831
[26-May-2021 08:52:19 UTC] PHP Notice:  Undefined index: Ds_Signature in /home/mariscossy/www/wp-content/plugins/woocommerce-gateway-redsys/classes/class-wc-gateway-redsys.php on line 5832
[26-May-2021 08:52:19 UTC] PHP Notice:  Undefined index: Ds_Signature in /home/mariscossy/www/wp-content/plugins/woocommerce-gateway-redsys/classes/class-wc-gateway-redsys.php on line 5832
[26-May-2021 08:52:54 UTC] PHP Notice:  Undefined index: Ds_SignatureVersion in /home/mariscossy/www/wp-content/plugins/woocommerce-gateway-redsys/classes/class-wc-gateway-redsys.php on line 5830
[26-May-2021 08:52:54 UTC] PHP Notice:  Undefined index: Ds_SignatureVersion in /home/mariscossy/www/wp-content/plugins/woocommerce-gateway-redsys/classes/class-wc-gateway-redsys.php on line 5830
[26-May-2021 08:52:54 UTC] PHP Notice:  Undefined index: Ds_MerchantParameters in /home/mariscossy/www/wp-content/plugins/woocommerce-gateway-redsys/classes/class-wc-gateway-redsys.php on line 5831
[26-May-2021 08:52:54 UTC] PHP Notice:  Undefined index: Ds_Signature in /home/mariscossy/www/wp-content/plugins/woocommerce-gateway-redsys/classes/class-wc-gateway-redsys.php on line 5832
[26-May-2021 08:52:54 UTC] PHP Notice:  Undefined index: Ds_MerchantParameters in /home/mariscossy/www/wp-content/plugins/woocommerce-gateway-redsys/classes/class-wc-gateway-redsys.php on line 5831
[26-May-2021 08:52:54 UTC] PHP Notice:  Undefined index: Ds_Signature in /home/mariscossy/www/wp-content/plugins/woocommerce-gateway-redsys/classes/class-wc-gateway-redsys.php on line 5832
[26-May-2021 09:17:02 UTC] PHP Notice:  Undefined index: billing_postcode in /home/mariscossy/www/wp-content/plugins/seur/core/woocommerce/includes/class-seur_local_shipping_method.php on line 287
[26-May-2021 09:17:02 UTC] PHP Notice:  Undefined index: billing_country in /home/mariscossy/www/wp-content/plugins/seur/core/woocommerce/includes/class-seur_local_shipping_method.php on line 293
[26-May-2021 09:17:02 UTC] PHP Notice:  Undefined index: billing_city in /home/mariscossy/www/wp-content/plugins/seur/core/woocommerce/includes/class-seur_local_shipping_method.php on line 299
[26-May-2021 09:17:34 UTC] PHP Notice:  Undefined index: billing_postcode in /home/mariscossy/www/wp-content/plugins/seur/core/woocommerce/includes/class-seur_local_shipping_method.php on line 287
[26-May-2021 09:17:34 UTC] PHP Notice:  Undefined index: billing_country in /home/mariscossy/www/wp-content/plugins/seur/core/woocommerce/includes/class-seur_local_shipping_method.php on line 293
[26-May-2021 09:17:34 UTC] PHP Notice:  Undefined index: billing_city in /home/mariscossy/www/wp-content/plugins/seur/core/woocommerce/includes/class-seur_local_shipping_method.php on line 299
[26-May-2021 09:22:41 UTC] PHP Notice:  Undefined index: billing_postcode in /home/mariscossy/www/wp-content/plugins/seur/core/woocommerce/includes/class-seur_local_shipping_method.php on line 287
[26-May-2021 09:22:41 UTC] PHP Notice:  Undefined index: billing_country in /home/mariscossy/www/wp-content/plugins/seur/core/woocommerce/includes/class-seur_local_shipping_method.php on line 293
[26-May-2021 09:22:41 UTC] PHP Notice:  Undefined index: billing_city in /home/mariscossy/www/wp-content/plugins/seur/core/woocommerce/includes/class-seur_local_shipping_method.php on line 299
[26-May-2021 09:27:10 UTC] PHP Notice:  Undefined index: Ds_SignatureVersion in /home/mariscossy/www/wp-content/plugins/woocommerce-gateway-redsys/classes/class-wc-gateway-redsys.php on line 5830
[26-May-2021 09:27:10 UTC] PHP Notice:  Undefined index: Ds_MerchantParameters in /home/mariscossy/www/wp-content/plugins/woocommerce-gateway-redsys/classes/class-wc-gateway-redsys.php on line 5831
[26-May-2021 09:27:10 UTC] PHP Notice:  Undefined index: Ds_Signature in /home/mariscossy/www/wp-content/plugins/woocommerce-gateway-redsys/classes/class-wc-gateway-redsys.php on line 5832
[26-May-2021 09:27:59 UTC] PHP Notice:  Undefined index: Ds_SignatureVersion in /home/mariscossy/www/wp-content/plugins/woocommerce-gateway-redsys/classes/class-wc-gateway-redsys.php on line 5830
[26-May-2021 09:27:59 UTC] PHP Notice:  Undefined index: Ds_MerchantParameters in /home/mariscossy/www/wp-content/plugins/woocommerce-gateway-redsys/classes/class-wc-gateway-redsys.php on line 5831
[26-May-2021 09:27:59 UTC] PHP Notice:  Undefined index: Ds_Signature in /home/mariscossy/www/wp-content/plugins/woocommerce-gateway-redsys/classes/class-wc-gateway-redsys.php on line 5832
[26-May-2021 09:30:17 UTC] PHP Notice:  Undefined index: billing_postcode in /home/mariscossy/www/wp-content/plugins/seur/core/woocommerce/includes/class-seur_local_shipping_method.php on line 287
[26-May-2021 09:30:17 UTC] PHP Notice:  Undefined index: billing_country in /home/mariscossy/www/wp-content/plugins/seur/core/woocommerce/includes/class-seur_local_shipping_method.php on line 293
[26-May-2021 09:30:17 UTC] PHP Notice:  Undefined index: billing_city in /home/mariscossy/www/wp-content/plugins/seur/core/woocommerce/includes/class-seur_local_shipping_method.php on line 299
[26-May-2021 09:31:34 UTC] PHP Notice:  Undefined index: billing_postcode in /home/mariscossy/www/wp-content/plugins/seur/core/woocommerce/includes/class-seur_local_shipping_method.php on line 287
[26-May-2021 09:31:34 UTC] PHP Notice:  Undefined index: billing_country in /home/mariscossy/www/wp-content/plugins/seur/core/woocommerce/includes/class-seur_local_shipping_method.php on line 293
[26-May-2021 09:31:34 UTC] PHP Notice:  Undefined index: billing_city in /home/mariscossy/www/wp-content/plugins/seur/core/woocommerce/includes/class-seur_local_shipping_method.php on line 299
[26-May-2021 09:32:53 UTC] PHP Notice:  Undefined index: billing_postcode in /home/mariscossy/www/wp-content/plugins/seur/core/woocommerce/includes/class-seur_local_shipping_method.php on line 287
[26-May-2021 09:32:53 UTC] PHP Notice:  Undefined index: billing_country in /home/mariscossy/www/wp-content/plugins/seur/core/woocommerce/includes/class-seur_local_shipping_method.php on line 293
[26-May-2021 09:32:53 UTC] PHP Notice:  Undefined index: billing_city in /home/mariscossy/www/wp-content/plugins/seur/core/woocommerce/includes/class-seur_local_shipping_method.php on line 299
[26-May-2021 10:21:35 UTC] PHP Notice:  Undefined index: seur_pickup in /home/mariscossy/www/wp-content/plugins/seur/core/woocommerce/includes/class-seur_local_shipping_method.php on line 446
[26-May-2021 10:21:35 UTC] PHP Notice:  Undefined index: billing_mobile_phone in /home/mariscossy/www/wp-content/plugins/seur/core/woocommerce/includes/class-seur_local_shipping_method.php on line 447
[26-May-2021 10:21:43 UTC] PHP Notice:  Undefined variable: shipAddressUsage in /home/mariscossy/www/wp-content/plugins/woocommerce-gateway-redsys/classes/class-wc-gateway-redsys-psd2.php on line 582
[26-May-2021 10:21:43 UTC] PHP Notice:  Undefined variable: shipAddressUsageInd in /home/mariscossy/www/wp-content/plugins/woocommerce-gateway-redsys/classes/class-wc-gateway-redsys-psd2.php on line 583
[26-May-2021 10:21:43 UTC] PHP Notice:  Undefined variable: shipAddressUsage in /home/mariscossy/www/wp-content/plugins/woocommerce-gateway-redsys/classes/class-wc-gateway-redsys-psd2.php on line 582
[26-May-2021 10:21:43 UTC] PHP Notice:  Undefined variable: shipAddressUsageInd in /home/mariscossy/www/wp-content/plugins/woocommerce-gateway-redsys/classes/class-wc-gateway-redsys-psd2.php on line 583
[26-May-2021 10:23:37 UTC] PHP Notice:  Undefined index: threeDSMethodData in /home/mariscossy/www/wp-content/plugins/woocommerce-gateway-redsys/classes/class-wc-gateway-redsys.php on line 6120
[26-May-2021 13:36:15 UTC] PHP Notice:  Undefined index: billing_postcode in /home/mariscossy/www/wp-content/plugins/seur/core/woocommerce/includes/class-seur_local_shipping_method.php on line 287
[26-May-2021 13:36:15 UTC] PHP Notice:  Undefined index: billing_country in /home/mariscossy/www/wp-content/plugins/seur/core/woocommerce/includes/class-seur_local_shipping_method.php on line 293
[26-May-2021 13:36:15 UTC] PHP Notice:  Undefined index: billing_city in /home/mariscossy/www/wp-content/plugins/seur/core/woocommerce/includes/class-seur_local_shipping_method.php on line 299
[26-May-2021 13:36:54 UTC] PHP Notice:  Undefined index: billing_postcode in /home/mariscossy/www/wp-content/plugins/seur/core/woocommerce/includes/class-seur_local_shipping_method.php on line 287
[26-May-2021 13:36:54 UTC] PHP Notice:  Undefined index: billing_country in /home/mariscossy/www/wp-content/plugins/seur/core/woocommerce/includes/class-seur_local_shipping_method.php on line 293
[26-May-2021 13:36:54 UTC] PHP Notice:  Undefined index: billing_city in /home/mariscossy/www/wp-content/plugins/seur/core/woocommerce/includes/class-seur_local_shipping_method.php on line 299
[26-May-2021 13:37:20 UTC] PHP Notice:  Undefined index: seur_pickup in /home/mariscossy/www/wp-content/plugins/seur/core/woocommerce/includes/class-seur_local_shipping_method.php on line 446
[26-May-2021 13:37:20 UTC] PHP Notice:  Undefined index: billing_mobile_phone in /home/mariscossy/www/wp-content/plugins/seur/core/woocommerce/includes/class-seur_local_shipping_method.php on line 447
[26-May-2021 13:37:26 UTC] PHP Notice:  Undefined variable: shipAddressUsage in /home/mariscossy/www/wp-content/plugins/woocommerce-gateway-redsys/classes/class-wc-gateway-redsys-psd2.php on line 582
[26-May-2021 13:37:26 UTC] PHP Notice:  Undefined variable: shipAddressUsageInd in /home/mariscossy/www/wp-content/plugins/woocommerce-gateway-redsys/classes/class-wc-gateway-redsys-psd2.php on line 583
[26-May-2021 13:37:26 UTC] PHP Notice:  Undefined variable: shipAddressUsage in /home/mariscossy/www/wp-content/plugins/woocommerce-gateway-redsys/classes/class-wc-gateway-redsys-psd2.php on line 582
[26-May-2021 13:37:26 UTC] PHP Notice:  Undefined variable: shipAddressUsageInd in /home/mariscossy/www/wp-content/plugins/woocommerce-gateway-redsys/classes/class-wc-gateway-redsys-psd2.php on line 583
[26-May-2021 13:45:38 UTC] PHP Notice:  Undefined index: billing_postcode in /home/mariscossy/www/wp-content/plugins/seur/core/woocommerce/includes/class-seur_local_shipping_method.php on line 287
[26-May-2021 13:45:38 UTC] PHP Notice:  Undefined index: billing_country in /home/mariscossy/www/wp-content/plugins/seur/core/woocommerce/includes/class-seur_local_shipping_method.php on line 293
[26-May-2021 13:45:38 UTC] PHP Notice:  Undefined index: billing_city in /home/mariscossy/www/wp-content/plugins/seur/core/woocommerce/includes/class-seur_local_shipping_method.php on line 299
[26-May-2021 13:45:54 UTC] PHP Notice:  Undefined index: seur_pickup in /home/mariscossy/www/wp-content/plugins/seur/core/woocommerce/includes/class-seur_local_shipping_method.php on line 446
[26-May-2021 13:45:54 UTC] PHP Notice:  Undefined index: billing_mobile_phone in /home/mariscossy/www/wp-content/plugins/seur/core/woocommerce/includes/class-seur_local_shipping_method.php on line 447
[26-May-2021 13:45:57 UTC] PHP Notice:  Undefined variable: shipAddressUsage in /home/mariscossy/www/wp-content/plugins/woocommerce-gateway-redsys/classes/class-wc-gateway-redsys-psd2.php on line 582
[26-May-2021 13:45:57 UTC] PHP Notice:  Undefined variable: shipAddressUsageInd in /home/mariscossy/www/wp-content/plugins/woocommerce-gateway-redsys/classes/class-wc-gateway-redsys-psd2.php on line 583
[26-May-2021 13:45:58 UTC] PHP Notice:  Undefined variable: shipAddressUsage in /home/mariscossy/www/wp-content/plugins/woocommerce-gateway-redsys/classes/class-wc-gateway-redsys-psd2.php on line 582
[26-May-2021 13:45:58 UTC] PHP Notice:  Undefined variable: shipAddressUsageInd in /home/mariscossy/www/wp-content/plugins/woocommerce-gateway-redsys/classes/class-wc-gateway-redsys-psd2.php on line 583
[26-May-2021 13:47:24 UTC] PHP Notice:  Undefined index: threeDSMethodData in /home/mariscossy/www/wp-content/plugins/woocommerce-gateway-redsys/classes/class-wc-gateway-redsys.php on line 6120
[26-May-2021 21:02:40 UTC] PHP Notice:  Undefined index: billing_postcode in /home/mariscossy/www/wp-content/plugins/seur/core/woocommerce/includes/class-seur_local_shipping_method.php on line 287
[26-May-2021 21:02:40 UTC] PHP Notice:  Undefined index: billing_country in /home/mariscossy/www/wp-content/plugins/seur/core/woocommerce/includes/class-seur_local_shipping_method.php on line 293
[26-May-2021 21:02:40 UTC] PHP Notice:  Undefined index: billing_city in /home/mariscossy/www/wp-content/plugins/seur/core/woocommerce/includes/class-seur_local_shipping_method.php on line 299
[26-May-2021 21:02:50 UTC] PHP Notice:  Undefined index: billing_postcode in /home/mariscossy/www/wp-content/plugins/seur/core/woocommerce/includes/class-seur_local_shipping_method.php on line 287
[26-May-2021 21:02:50 UTC] PHP Notice:  Undefined index: billing_country in /home/mariscossy/www/wp-content/plugins/seur/core/woocommerce/includes/class-seur_local_shipping_method.php on line 293
[26-May-2021 21:02:50 UTC] PHP Notice:  Undefined index: billing_city in /home/mariscossy/www/wp-content/plugins/seur/core/woocommerce/includes/class-seur_local_shipping_method.php on line 299
[26-May-2021 21:06:43 UTC] PHP Notice:  Undefined index: billing_postcode in /home/mariscossy/www/wp-content/plugins/seur/core/woocommerce/includes/class-seur_local_shipping_method.php on line 287
[26-May-2021 21:06:43 UTC] PHP Notice:  Undefined index: billing_country in /home/mariscossy/www/wp-content/plugins/seur/core/woocommerce/includes/class-seur_local_shipping_method.php on line 293
[26-May-2021 21:06:43 UTC] PHP Notice:  Undefined index: billing_city in /home/mariscossy/www/wp-content/plugins/seur/core/woocommerce/includes/class-seur_local_shipping_method.php on line 299
[26-May-2021 21:06:58 UTC] PHP Notice:  Undefined index: billing_postcode in /home/mariscossy/www/wp-content/plugins/seur/core/woocommerce/includes/class-seur_local_shipping_method.php on line 287
[26-May-2021 21:06:58 UTC] PHP Notice:  Undefined index: billing_country in /home/mariscossy/www/wp-content/plugins/seur/core/woocommerce/includes/class-seur_local_shipping_method.php on line 293
[26-May-2021 21:06:58 UTC] PHP Notice:  Undefined index: billing_city in /home/mariscossy/www/wp-content/plugins/seur/core/woocommerce/includes/class-seur_local_shipping_method.php on line 299
[26-May-2021 21:07:58 UTC] PHP Notice:  Undefined index: billing_postcode in /home/mariscossy/www/wp-content/plugins/seur/core/woocommerce/includes/class-seur_local_shipping_method.php on line 287
[26-May-2021 21:07:58 UTC] PHP Notice:  Undefined index: billing_country in /home/mariscossy/www/wp-content/plugins/seur/core/woocommerce/includes/class-seur_local_shipping_method.php on line 293
[26-May-2021 21:07:58 UTC] PHP Notice:  Undefined index: billing_city in /home/mariscossy/www/wp-content/plugins/seur/core/woocommerce/includes/class-seur_local_shipping_method.php on line 299
[26-May-2021 21:08:17 UTC] PHP Notice:  Undefined index: billing_postcode in /home/mariscossy/www/wp-content/plugins/seur/core/woocommerce/includes/class-seur_local_shipping_method.php on line 287
[26-May-2021 21:08:17 UTC] PHP Notice:  Undefined index: billing_country in /home/mariscossy/www/wp-content/plugins/seur/core/woocommerce/includes/class-seur_local_shipping_method.php on line 293
[26-May-2021 21:08:17 UTC] PHP Notice:  Undefined index: billing_city in /home/mariscossy/www/wp-content/plugins/seur/core/woocommerce/includes/class-seur_local_shipping_method.php on line 299
[26-May-2021 21:11:07 UTC] PHP Notice:  Undefined index: seur_pickup in /home/mariscossy/www/wp-content/plugins/seur/core/woocommerce/includes/class-seur_local_shipping_method.php on line 446
[26-May-2021 21:11:07 UTC] PHP Notice:  Undefined index: billing_mobile_phone in /home/mariscossy/www/wp-content/plugins/seur/core/woocommerce/includes/class-seur_local_shipping_method.php on line 447
[26-May-2021 21:11:16 UTC] PHP Notice:  Undefined variable: payment_option in /home/mariscossy/www/wp-content/plugins/woocommerce-gateway-redsys/classes/class-wc-gateway-bizum-redsys.php on line 527
[26-May-2021 21:13:50 UTC] PHP Notice:  Undefined index: seur_pickup in /home/mariscossy/www/wp-content/plugins/seur/core/woocommerce/includes/class-seur_local_shipping_method.php on line 446
[26-May-2021 21:13:50 UTC] PHP Notice:  Undefined index: billing_mobile_phone in /home/mariscossy/www/wp-content/plugins/seur/core/woocommerce/includes/class-seur_local_shipping_method.php on line 447
[26-May-2021 21:13:58 UTC] PHP Notice:  data ha sido llamada <strong>de forma incorrecta</strong>. Customer properties should not be accessed directly. Backtrace: require('wp-blog-header.php'), wp, WP->main, WP->parse_request, do_action_ref_array('parse_request'), WP_Hook->do_action, WP_Hook->apply_filters, WC_Gateway_Redsys::redsys_handle_requests_pay, WC_Gateway_Redsys::get_redsys_args_p, WC_Gateway_Redsys_PSD2->get_acctinfo, WC_Legacy_Customer->__get, wc_doing_it_wrong Por favor, visita <a href="https://wordpress.org/support/article/debugging-in-wordpress/">Depuración en WordPress</a> para más información. (Este mensaje fue añadido en la versión 3.0). in /home/mariscossy/www/wp-includes/functions.php on line 5313
[26-May-2021 21:13:58 UTC] PHP Notice:  data ha sido llamada <strong>de forma incorrecta</strong>. Customer properties should not be accessed directly. Backtrace: require('wp-blog-header.php'), wp, WP->main, WP->parse_request, do_action_ref_array('parse_request'), WP_Hook->do_action, WP_Hook->apply_filters, WC_Gateway_Redsys::redsys_handle_requests_pay, WC_Gateway_Redsys::get_redsys_args_p, WC_Gateway_Redsys_PSD2->get_acctinfo, WC_Legacy_Customer->__get, wc_doing_it_wrong Por favor, visita <a href="https://wordpress.org/support/article/debugging-in-wordpress/">Depuración en WordPress</a> para más información. (Este mensaje fue añadido en la versión 3.0). in /home/mariscossy/www/wp-includes/functions.php on line 5313
[26-May-2021 21:13:59 UTC] PHP Notice:  data ha sido llamada <strong>de forma incorrecta</strong>. Customer properties should not be accessed directly. Backtrace: require('wp-blog-header.php'), wp, WP->main, WP->parse_request, do_action_ref_array('parse_request'), WP_Hook->do_action, WP_Hook->apply_filters, WC_Gateway_Redsys::redsys_handle_requests_pay, WC_Gateway_Redsys::get_redsys_args_p, WC_Gateway_Redsys_PSD2->get_acctinfo, WC_Legacy_Customer->__get, wc_doing_it_wrong Por favor, visita <a href="https://wordpress.org/support/article/debugging-in-wordpress/">Depuración en WordPress</a> para más información. (Este mensaje fue añadido en la versión 3.0). in /home/mariscossy/www/wp-includes/functions.php on line 5313
[26-May-2021 21:13:59 UTC] PHP Notice:  data ha sido llamada <strong>de forma incorrecta</strong>. Customer properties should not be accessed directly. Backtrace: require('wp-blog-header.php'), wp, WP->main, WP->parse_request, do_action_ref_array('parse_request'), WP_Hook->do_action, WP_Hook->apply_filters, WC_Gateway_Redsys::redsys_handle_requests_pay, WC_Gateway_Redsys::get_redsys_args_p, WC_Gateway_Redsys_PSD2->get_acctinfo, WC_Legacy_Customer->__get, wc_doing_it_wrong Por favor, visita <a href="https://wordpress.org/support/article/debugging-in-wordpress/">Depuración en WordPress</a> para más información. (Este mensaje fue añadido en la versión 3.0). in /home/mariscossy/www/wp-includes/functions.php on line 5313
[26-May-2021 23:56:35 UTC] PHP Notice:  Undefined index: billing_postcode in /home/mariscossy/www/wp-content/plugins/seur/core/woocommerce/includes/class-seur_local_shipping_method.php on line 287
[26-May-2021 23:56:35 UTC] PHP Notice:  Undefined index: billing_country in /home/mariscossy/www/wp-content/plugins/seur/core/woocommerce/includes/class-seur_local_shipping_method.php on line 293
[26-May-2021 23:56:35 UTC] PHP Notice:  Undefined index: billing_city in /home/mariscossy/www/wp-content/plugins/seur/core/woocommerce/includes/class-seur_local_shipping_method.php on line 299
[27-May-2021 08:42:53 UTC] PHP Notice:  Undefined index: order-id in /home/mariscossy/www/wp-content/plugins/seur/core/pages/seur-get-labels.php on line 12
[27-May-2021 08:46:38 UTC] PHP Warning:  fopen(/home/mariscossy/www/wp-content/uploads/seur_uploads_zp3i6ldxg4/labels/label_bulk_27-05-2021-08-46-38.txt): failed to open stream: No such file or directory in /home/mariscossy/www/wp-content/plugins/seur/core/labels-cpt/labels-cpt.php on line 390
